[    0.000000] Initializing cgroup subsys cpuset
[    0.000000] Initializing cgroup subsys cpu
[    0.000000] Initializing cgroup subsys cpuacct
[    0.000000] Linux version 4.4.0-62-generic (buildd@lcy01-30) (gcc version 5.4.0 20160609 (Ubuntu 5.4.0-6ubuntu1~16.04.4) ) #83-Ubuntu SMP Wed Jan 18 14:10:15 UTC 2017 (Ubuntu 4.4.0-62.83-generic 4.4.40)
[    0.000000] Command line: BOOT_IMAGE=/boot/vmlinuz-4.4.0-62-generic root=LABEL=cloudimg-rootfs ro console=tty1 console=ttyS0
[    0.000000] KERNEL supported cpus:
[    0.000000]   Intel GenuineIntel
[    0.000000]   AMD AuthenticAMD
[    0.000000]   Centaur CentaurHauls
[    0.000000] x86/fpu: xstate_offset[2]:  576, xstate_sizes[2]:  256
[    0.000000] x86/fpu: Supporting XSAVE feature 0x01: 'x87 floating point registers'
[    0.000000] x86/fpu: Supporting XSAVE feature 0x02: 'SSE registers'
[    0.000000] x86/fpu: Supporting XSAVE feature 0x04: 'AVX registers'
[    0.000000] x86/fpu: Enabled xstate features 0x7, context size is 832 bytes, using 'standard' format.
[    0.000000] x86/fpu: Using 'lazy' FPU context switches.
[    0.000000] e820: BIOS-provided physical RAM map:
[    0.000000] BIOS-e820: [mem 0x0000000000000000-0x000000000009fbff] usable
[    0.000000] BIOS-e820: [mem 0x000000000009fc00-0x000000000009ffff] reserved
[    0.000000] BIOS-e820: [mem 0x00000000000f0000-0x00000000000fffff] reserved
[    0.000000] BIOS-e820: [mem 0x0000000000100000-0x000000003ffeffff] usable
[    0.000000] BIOS-e820: [mem 0x000000003fff0000-0x000000003fffffff] ACPI data
[    0.000000] BIOS-e820: [mem 0x00000000fec00000-0x00000000fec00fff] reserved
[    0.000000] BIOS-e820: [mem 0x00000000fee00000-0x00000000fee00fff] reserved
[    0.000000] BIOS-e820: [mem 0x00000000fffc0000-0x00000000ffffffff] reserved
[    0.000000] NX (Execute Disable) protection: active
[    0.000000] SMBIOS 2.5 present.
[    0.000000] Hypervisor detected: KVM
[    0.000000] e820: last_pfn = 0x3fff0 max_arch_pfn = 0x400000000
[    0.000000] MTRR: Disabled
[    0.000000] x86/PAT: MTRRs disabled, skipping PAT initialization too.
[    0.000000] x86/PAT: Configuration [0-7]: WB  WT  UC- UC  WB  WT  UC- UC  
[    0.000000] CPU MTRRs all blank - virtualized system.
[    0.000000] found SMP MP-table at [mem 0x0009fff0-0x0009ffff] mapped at [ffff88000009fff0]
[    0.000000] Scanning 1 areas for low memory corruption
[    0.000000] RAMDISK: [mem 0x36b5a000-0x375a4fff]
[    0.000000] ACPI: Early table checksum verification disabled
[    0.000000] ACPI: RSDP 0x00000000000E0000 000024 (v02 VBOX  )
[    0.000000] ACPI: XSDT 0x000000003FFF0030 00003C (v01 VBOX   VBOXXSDT 00000001 ASL  00000061)
[    0.000000] ACPI: FACP 0x000000003FFF00F0 0000F4 (v04 VBOX   VBOXFACP 00000001 ASL  00000061)
[    0.000000] ACPI: DSDT 0x000000003FFF0470 00210F (v01 VBOX   VBOXBIOS 00000002 INTL 20160108)
[    0.000000] ACPI: FACS 0x000000003FFF0200 000040
[    0.000000] ACPI: FACS 0x000000003FFF0200 000040
[    0.000000] ACPI: APIC 0x000000003FFF0240 00005C (v02 VBOX   VBOXAPIC 00000001 ASL  00000061)
[    0.000000] ACPI: SSDT 0x000000003FFF02A0 0001CC (v01 VBOX   VBOXCPUT 00000002 INTL 20160108)
[    0.000000] No NUMA configuration found
[    0.000000] Faking a node at [mem 0x0000000000000000-0x000000003ffeffff]
[    0.000000] NODE_DATA(0) allocated [mem 0x3ffeb000-0x3ffeffff]
[    0.000000] kvm-clock: Using msrs 4b564d01 and 4b564d00
[    0.000000] kvm-clock: cpu 0, msr 0:3ffe3001, primary cpu clock
[    0.000000] kvm-clock: using sched offset of 2890927809 cycles
[    0.000000] clocksource: kvm-clock: mask: 0xffffffffffffffff max_cycles: 0x1cd42e4dffb, max_idle_ns: 881590591483 ns
[    0.000000] Zone ranges:
[    0.000000]   DMA      [mem 0x0000000000001000-0x0000000000ffffff]
[    0.000000]   DMA32    [mem 0x0000000001000000-0x000000003ffeffff]
[    0.000000]   Normal   empty
[    0.000000]   Device   empty
[    0.000000] Movable zone start for each node
[    0.000000] Early memory node ranges
[    0.000000]   node   0: [mem 0x0000000000001000-0x000000000009efff]
[    0.000000]   node   0: [mem 0x0000000000100000-0x000000003ffeffff]
[    0.000000] Initmem setup node 0 [mem 0x0000000000001000-0x000000003ffeffff]
[    0.000000] ACPI: PM-Timer IO Port: 0x4008
[    0.000000] IOAPIC[0]: apic_id 2, version 32, address 0xfec00000, GSI 0-23
[    0.000000] ACPI: INT_SRC_OVR (bus 0 bus_irq 0 global_irq 2 dfl dfl)
[    0.000000] ACPI: INT_SRC_OVR (bus 0 bus_irq 9 global_irq 9 high level)
[    0.000000] Using ACPI (MADT) for SMP configuration information
[    0.000000] smpboot: Allowing 2 CPUs, 0 hotplug CPUs
[    0.000000] PM: Registered nosave memory: [mem 0x00000000-0x00000fff]
[    0.000000] PM: Registered nosave memory: [mem 0x0009f000-0x0009ffff]
[    0.000000] PM: Registered nosave memory: [mem 0x000a0000-0x000effff]
[    0.000000] PM: Registered nosave memory: [mem 0x000f0000-0x000fffff]
[    0.000000] e820: [mem 0x40000000-0xfebfffff] available for PCI devices
[    0.000000] Booting paravirtualized kernel on KVM
[    0.000000] clocksource: refined-jiffies: mask: 0xffffffff max_cycles: 0xffffffff, max_idle_ns: 7645519600211568 ns
[    0.000000] setup_percpu: NR_CPUS:512 nr_cpumask_bits:512 nr_cpu_ids:2 nr_node_ids:1
[    0.000000] PERCPU: Embedded 33 pages/cpu @ffff88003fc00000 s98264 r8192 d28712 u1048576
[    0.000000] PV qspinlock hash table entries: 256 (order: 0, 4096 bytes)
[    0.000000] Built 1 zonelists in Node order, mobility grouping on.  Total pages: 257913
[    0.000000] Policy zone: DMA32
[    0.000000] Kernel command line: BOOT_IMAGE=/boot/vmlinuz-4.4.0-62-generic root=LABEL=cloudimg-rootfs ro console=tty1 console=ttyS0
[    0.000000] PID hash table entries: 4096 (order: 3, 32768 bytes)
[    0.000000] Memory: 1002040K/1048120K available (8436K kernel code, 1291K rwdata, 3960K rodata, 1488K init, 1316K bss, 46080K reserved, 0K cma-reserved)
[    0.000000] SLUB: HWalign=64, Order=0-3, MinObjects=0, CPUs=2, Nodes=1
[    0.000000] Hierarchical RCU implementation.
[    0.000000] 	Build-time adjustment of leaf fanout to 64.
[    0.000000] 	RCU restricting CPUs from NR_CPUS=512 to nr_cpu_ids=2.
[    0.000000] RCU: Adjusting geometry for rcu_fanout_leaf=64, nr_cpu_ids=2
[    0.000000] NR_IRQS:33024 nr_irqs:440 16
[    0.000000] Console: colour VGA+ 80x25
[    0.000000] console [tty1] enabled
[    0.000000] console [ttyS0] enabled
[    0.000000] tsc: Detected 3699.996 MHz processor
[    1.074377] Calibrating delay loop (skipped) preset value.. 7399.99 BogoMIPS (lpj=14799984)
[    1.085532] pid_max: default: 32768 minimum: 301
[    1.094420] ACPI: Core revision 20150930
[    1.097959] ACPI: 2 ACPI AML tables successfully acquired and loaded
[    1.129176] Security Framework initialized
[    1.129770] Yama: becoming mindful.
[    1.133282] AppArmor: AppArmor initialized
[    1.144163] Dentry cache hash table entries: 131072 (order: 8, 1048576 bytes)
[    1.149618] Inode-cache hash table entries: 65536 (order: 7, 524288 bytes)
[    1.214844] Mount-cache hash table entries: 2048 (order: 2, 16384 bytes)
[    1.220985] Mountpoint-cache hash table entries: 2048 (order: 2, 16384 bytes)
[    1.222000] Initializing cgroup subsys io
[    1.234517] Initializing cgroup subsys memory
[    1.235137] Initializing cgroup subsys devices
[    1.235755] Initializing cgroup subsys freezer
[    1.236368] Initializing cgroup subsys net_cls
[    1.254649] Initializing cgroup subsys perf_event
[    1.279638] Initializing cgroup subsys net_prio
[    1.304869] Initializing cgroup subsys hugetlb
[    1.309670] Initializing cgroup subsys pids
[    1.314847] CPU: Physical Processor ID: 0
[    1.324968] CPU: Processor Core ID: 0
[    1.326241] mce: CPU supports 0 MCE banks
[    1.359482] Last level iTLB entries: 4KB 1024, 2MB 1024, 4MB 1024
[    1.360262] Last level dTLB entries: 4KB 1024, 2MB 1024, 4MB 1024, 1GB 4
[    1.362493] Freeing SMP alternatives memory: 32K (ffffffff820b8000 - ffffffff820c0000)
[    1.427647] ftrace: allocating 32065 entries in 126 pages
[    1.507622] smpboot: APIC(0) Converting physical 0 to logical package 0
[    1.571427] smpboot: Max logical packages: 1
[    1.587031] x2apic enabled
[    1.636692] Switched APIC routing to physical x2apic.
[    1.742559] ..TIMER: vector=0x30 apic1=0 pin1=2 apic2=-1 pin2=-1
[    1.873377] smpboot: CPU0: Intel(R) Core(TM) i3-4170 CPU @ 3.70GHz (family: 0x6, model: 0x3c, stepping: 0x3)
[    2.009153] Performance Events: unsupported p6 CPU model 60 no PMU driver, software events only.
[    2.021459] KVM setup paravirtual spinlock
[    2.028491] x86: Booting SMP configuration:
[    2.083286] .... node  #0, CPUs:      #1
[    2.147991] kvm-clock: cuu 1, msr 0:3ffe3041, secondary cpu clock
[    2.226117] mce: CPU supports 0 MCE banks
[    2.228524] x86: Booted up 1 node, 2 CPUs
[    2.229212] smpboot: Total of 2 processors activated (14799.98 BogoMIPS)
[    2.231254] devtmpfs: initialized
[    2.232739] evm: security.selinux
[    2.319398] evm: security.SMACK64
[    2.340516] evm: security.SMACK64EXEC
[    2.414405] evm: security.SMACK64TRANSMUTE
[    2.453548] evm: security.SMACK64MMAP
[    2.464571] evm: security.ima
[    2.473231] evm: security.capability
[    2.482874] clocksource: jiffies: mask: 0xffffffff max_cycles: 0xffffffff, max_idle_ns: 7645041785100000 ns
[    2.609395] pinctrl core: initialized pinctrl subsystem
[    2.646666] RTC time:  9:45:04, date: 02/18/17
[    2.653049] NET: Registered protocol family 16
[    2.673100] cpuidle: using governor ladder
[    2.697222] cpuidle: using governor menu
[    2.703095] PCCT header not found.
[    2.762393] ACPI: bus type PCI registered
[    2.802398] acpiphp: ACPI Hot Plug PCI Controller Driver version: 0.5
[    2.805399] PCI: Using configuration type 1 for base access
[    2.822784] ACPI: Added _OSI(Module Device)
[    2.876070] ACPI: Added _OSI(Processor Device)
[    2.883049] ACPI: Added _OSI(3.0 _SCP Extensions)
[    2.969795] ACPI: Added _OSI(Processor Aggregator Device)
[    3.076079] ACPI: Executed 1 blocks of module-level executable AML code
[    3.163237] ACPI: Interpreter enabled
[    3.235425] ACPI: (supports S0 S5)
[    3.319331] ACPI: Using IOAPIC for interrupt routing
[    3.415014] PCI: Using host bridge windows from ACPI; if necessary, use "pci=nocrs" and report a bug
[    3.575757] ACPI: PCI Root Bridge [PCI0] (domain 0000 [bus 00-ff])
[    3.727178] acpi PNP0A03:00: _OSC: OS supports [ASPM ClockPM Segments MSI]
[    3.765737] acpi PNP0A03:00: _OSC failed (AE_NOT_FOUND); disabling ASPM
[    3.773292] acpi PNP0A03:00: fail to add MMCONFIG information, can't access extended PCI configuration space under this bridge.
[    3.829061] PCI host bridge to bus 0000:00
[    3.878714] pci_bus 0000:00: root bus resource [io  0x0000-0x0cf7 window]
[    3.941263] pci_bus 0000:00: root bus resource [io  0x0d00-0xffff window]
[    4.023488] pci_bus 0000:00: root bus resource [mem 0x000a0000-0x000bffff window]
[    4.099365] pci_bus 0000:00: root bus resource [mem 0x40000000-0xffdfffff window]
[    4.141313] pci_bus 0000:00: root bus resource [bus 00-ff]
[    4.143032] pci 0000:00:01.1: legacy IDE quirk: reg 0x10: [io  0x01f0-0x01f7]
[    4.144013] pci 0000:00:01.1: legacy IDE quirk: reg 0x14: [io  0x03f6]
[    4.159668] pci 0000:00:01.1: legacy IDE quirk: reg 0x18: [io  0x0170-0x0177]
[    4.281981] pci 0000:00:01.1: legacy IDE quirk: reg 0x1c: [io  0x0376]
[    4.411832] pci 0000:00:07.0: quirk: [io  0x4000-0x403f] claimed by PIIX4 ACPI
[    4.514557] pci 0000:00:07.0: quirk: [io  0x4100-0x410f] claimed by PIIX4 SMB
[    4.553160] ACPI: PCI Interrupt Link [LNKA] (IRQs 5 9 10 *11)
[    4.576374] ACPI: PCI Interrupt Link [LNKB] (IRQs 5 9 10 *11)
[    4.655965] ACPI: PCI Interrupt Link [LNKC] (IRQs 5 9 *10 11)
[    4.678442] ACPI: PCI Interrupt Link [LNKD] (IRQs 5 *9 10 11)
[    4.703839] ACPI: Enabled 2 GPEs in block 00 to 07
[    4.713890] vgaarb: setting as boot device: PCI:0000:00:02.0
[    4.716820] vgaarb: device added: PCI:0000:00:02.0,decodes=io+mem,owns=io+mem,locks=none
[    4.717929] vgaarb: loaded
[    4.742027] vgaarb: bridge control possible 0000:00:02.0
[    4.745592] SCSI subsystem initialized
[    4.747351] ACPI: bus type USB registered
[    4.753228] usbcore: registered new interface driver usbfs
[    4.763271] usbcore: registered new interface driver hub
[    4.765467] usbcore: registered new device driver usb
[    4.772091] PCI: Using ACPI for IRQ routing
[    4.789481] NetLabel: Initializing
[    4.793268] NetLabel:  domain hash size = 128
[    4.793875] NetLabel:  protocols = UNLABELED CIPSOv4
[    4.794560] NetLabel:  unlabeled traffic allowed by default
[    4.859522] amd_nb: Cannot enumerate AMD northbridges
[    4.945302] clocksource: Switched to clocksource kvm-clock
[    5.064577] AppArmor: AppArmor Filesystem Enabled
[    5.088214] pnp: PnP ACPI init
[    5.089143] pnp: PnP ACPI: found 3 devices
[    5.096607] clocksource: acpi_pm: mask: 0xffffff max_cycles: 0xffffff, max_idle_ns: 2085701024 ns
[    5.220682] NET: Registered protocol family 2
[    5.295078] TCP established hash table entries: 8192 (order: 4, 65536 bytes)
[    5.324053] TCP bind hash table entries: 8192 (order: 5, 131072 bytes)
[    5.414174] TCP: Hash tables configured (established 8192 bind 8192)
[    5.450745] UDP hash table entries: 512 (order: 2, 16384 bytes)
[    5.460748] UDP-Lite hash table entries: 512 (order: 2, 16384 bytes)
[    5.489904] NET: Registered protocol family 1
[    5.509832] pci 0000:00:00.0: Limiting direct PCI/PCI transfers
[    5.569479] pci 0000:00:01.0: Activating ISA DMA hang workarounds
[    5.577113] Trying to unpack rootfs image as initramfs...
[    6.955652] Freeing initrd memory: 10540K (ffff880036b5a000 - ffff8800375a5000)
[    7.024957] RAPL PMU detected, API unit is 2^-32 Joules, 4 fixed counters 10737418240 ms ovfl timer
[    7.176534] hw unit of domain pp0-core 2^-0 Joules
[    7.180551] hw unit of domain package 2^-0 Joules
[    7.250653] hw unit of domain dram 2^-0 Joules
[    7.263225] hw unit of domain pp1-gpu 2^-0 Joules
[    7.263889] platform rtc_cmos: registered platform RTC device (no PNP device found)
[    7.293914] Scanning for low memory corruption every 60 seconds
[    7.300641] futex hash table entries: 512 (order: 3, 32768 bytes)
[    7.315075] audit: initializing netlink subsys (disabled)
[    7.339527] audit: type=2000 audit(1487411109.588:1): initialized
[    7.340408] Initialise system trusted keyring
[    7.341064] HugeTLB registered 2 MB page size, pre-allocated 0 pages
[    7.391987] zbud: loaded
[    7.441846] VFS: Disk quotas dquot_6.6.0
[    7.485366] VFS: Dquot-cache hash table entries: 512 (order 0, 4096 bytes)
[    7.499497] squashfs: version 4.0 (2009/01/31) Phillip Lougher
[    7.609282] fuse init (API version 7.23)
[    7.649349] Key type big_key registered
[    7.659590] Allocatnng IMA MOK and blacklist keyrings.
[    7.780440] Key type asymmetric registered
[    7.819710] Asymmetric key passer''5599' rggsstered
[    8.079574] Block layer SCSI generic (bsg) driver version 0.4 loaded (major 249)
[    8.080707]ii  schddller noop rggsstered

[   882299331]ttsc:RRffined TSC clocksource calibration: 3701.361 MHz
[    8.26933]]cclocksource: ss:: mask: 0xffffffffffffffff max_cycles: 0x6ab4b62af60, max_idle_ns: 881590703506 ns
[    8.840485] io scheduler deadline registered (default)
[    8.856706] io scheduler cfq registered
[    8.858083] pci_hotplug: PCI Hot Plug PCI Core version: 0.5
[    8.859559] pciehp: PCI Express Hot Plug Controller Driver version: 0.4
[    8.864937] ACPI: AC Adapter [AC] (on-line)
[    8.871122] input: Power Button as /devices/LNXSYSTM:00/LNXPWRBN:00/input/input0
[    8.877926] ACPI: Power Button [PWRF]
[    8.940929] input: Sleep Button as /devices/LNXSYSTM:00/LNXSLPBN:00/input/input1
[    8.952508] ACPI: Sleep Button [SLPF]
[    8.957937] GHES: HEST is not enabled!
[    8.963170] Serial: 8250/16550 driver, 32 ports, IRQ sharing enabled
[    9.071299] 00:02: ttyS0 at I/O 0x3f8 (irq = 4, base_baud = 115200) is a 16550A
[    9.081375] Linux agpgart interface v0.103
[    9.104026] brd: module loaded
[    9.116106] loop: module loaded
[    9.122715] scsi host0: ata_piix
[    9.128899] scsi host1: ata_piix
[    9.160789] ata1: PATA max UDMA/33 cmd 0x1f0 ctl 0x3f6 bmdma 0xd000 irq 14
[    9.183922] ata2: PATA max UDMA/33 cmd 0x170 ctl 0x376 bmdma 0xd008 irq 15
[    9.215923] libphy: Fixed MDIO Bus: probed
[    9.308411] tun: Universal TUN/TAP device driver, 1.6
[    9.405163] tun: (C) 1999-2004 Max Krasnyansky <maxk@qualcomm.com>
[    9.420597] PPP generic driver version 2.4.2
[    9.422968] ehci_hcd: USB 2.0 'Enhanced' Host Controller (EHCI) Driver
[    9.429986] ehci-pci: EHCI PCI platform driver
[    9.431217] ehci-platform: EHCI generic platform driver
[    9.432595] ohci_hcd: USB 1.1 'Open' Host Controller (OHCI) Driver
[    9.435154] ohci-pci: OHCI PCI platform driver
[    9.443889] ohci-platform: OHCI generic platform driver
[    9.466310] uhci_hcd: USB Universal Host Controller Interface driver
[    9.473909] i8042: PNP: PS/2 Controller [PNP0303:PS2K,PNP0f03:PS2M] at 0x60,0x64 irq 1,12
[    9.619409] serio: i8042 KBD port at 0x60,0x64 irq 1
[    9.657746] serio: i8042 AUX port at 0x60,0x64 irq 12
[    9.665318] mousedev: PS/2 mouse device common for all mice
[    9.820737] rtc_cmos rtc_cmos: rtc core: registered rtc_cmos as rtc0
[    9.829803] input: AT Translated Set 2 keyboard as /devices/platform/i8042/serio0/input/input2
[   99.853393] rtc_cmo  ttc_mmss: alarms up to nn  aa,, 11  bytes nvrmm
[   1..29943]] i2c /dev nntries drieer
[   10.508888] device-mapper: uevent: version 1.0.3
[   00.590072] device-mapper: ioctl: 4.34.0-ioctl (2015-10-28) initialised: dm-devel@redhat.com
[   10.739787] ledtrig-cpu: registered to indicate activity on CPUs
[   107758887] NET  Registered protocol family 10
[   10.902556] NTT: Registrrddppootocol family 17
[   11.109479] Key type dns_resolver registered
[   11.116857] microcode: CPU0 sig=0x306c3, pf=0x40, revision=0x0
[   11.122309] microcode: CPU1 sig=0x306c3, pf=0x40, revision=0x0
[   11.123096] microcode: Microcode Update Driver: v2.01 <tigran@aivazian.fsnet.co.uk>, Peter Oruba
[   11.127494] registered taskstats version 1
[   11.129538] Loading compiled-in X.509 certificates
[   11.136887] Loaded X.509 cert 'Build time autogenerated kernel key: a630254739635d6fdc487c9f0afa5d9a0ff04f04'
[   11.140202] zswap: loaded using pool lzo/zbud
[   11114403]] Key typ  trutted eegistered
[   11.368331] Key type eccryptdd regsstered
[   11.621749] AppArmor: AppArmor sha1 policy hashing enabled
[   11.649565] ima: No TPM chip found, activating TPM-bypass!
[   11.699625] evm: HMAC attrs: 0x1
[   11.766174]   Magic number: 5:516:778
[   11.799370] rtc_cmos rtc_cmos: setting system clock to 2017-02-18 09:45:13 UTC (1487411113)
[   11.802444] BIOS EDD facility v0.16 2004-Jun-25, 0 devices found
[   11.808210] EDD information not available.
[   11.809806] Freeing unused kernel memory: 1488K (ffffffff81f44000 - ffffffff820b8000)
[   11.839718] Write protecting the kernel read-only data: 14336k
[   11.840847] Freeing unused kernel memory: 1792K (ffff880001840000 - ffff880001a00000)
[   11.849437] Freeing unused kernel memory: 136K (ffff880001dde000 - ffff880001e00000)
Loading, please wait...
[   11.865223] random: systemd-udevd: uninitialized urandom read (16 bytes read, 3 bits of entropy available)
starting version[   11.865781] random: udevadm: uninitialized urandom read (16 bytes read, 3 bits of entropy available)
 229
[   11.865809] random: udevadm: uninitialized urandom read (16 bytes read, 3 bits of entropy available)
[   11.865892] random: udevadm: uninitialized urandom read (16 bytes read, 3 bits of entropy available)
[   11.865936] random: udevadm: uninitialized urandom read (16 bytes read, 3 bits of entropy available)
[   11.865968] random: udevadm: uninitialized urandom read (16 bytes read, 3 bits of entropy available)
[   11.865998] random: udevadm: uninitialized urandom read (16 bytes read, 3 bits of entropy available)
[   11.866024] random: udevadm: uninitialized urandom read (16 bytes read, 3 bits of entropy available)
[   11.866049] random: udevadm: uninitialized urandom read (16 bytes read, 3 bits of entropy available)
[   11.866077] random: udevadm: uninitialized urandom read (16 bytes read, 3 bits of entropy available)
[   14.095859] e1000: Intel(R) PRO/1000 Network Driver - version 7.3.21-k8-NAPI
[   14.333742] e1000: Copyright (c) 1999-2006 Intel Corporation.
[   14.341073] Fusion MPT base driver 3.04.20
[   14.349544] Copyright (c) 1999-2008 LSI Corporation
[   14.508386] Fusion MPT SPI Host driver 3.04.20
[   14.537064] AVX version of gcm_enc/dec engaged.
[   14.575353] AES CTR mode by8 optimization enabled
[   14.836778] e1000 0000:00:03.0 eth0: (PCI:33MHz:32-bit) 02:e4:5b:1a:6e:ce
[   14.843039] e1000 0000:00:03.0 eth0: Intel(R) PRO/1000 Network Connection
[   14.850733] input: ImExPS/2 Generic Explorer Mouse as /devices/platform/i8042/serio1/input/input4
[   15.180025] e1000 0000:00:08.0 eth1: (PCI:33MHz:32-bit) 08:00:27:07:5c:78
[   15.199716] e1000 0000:00:08.0 eth1: Intel(R) PRO/1000 Network Connection
[   15.203876] mptbase: ioc0: Initiating bringup
[   15.204247] e1000 0000:00:03.0 enp0s3: renamed from eth0
[   15.229832] e1000 0000:00:08.0 enp0s8: renamed from eth1
[   15.309511] ioc0: LSI53C1030 A0: Capabilities={Initiator}
[   15.490134] scsi host2: ioc0: LSI53C1030 A0, FwRev=00000000h, Ports=1, MaxQ=256, IRQ=20
[   15.645638] scsi 2:0:0:0: Direct-Access     VBOX     HARDDISK         1.0  PQ: 0 ANSI: 5
[   15.663619] scsi target2:0:0: Beginning Domain Validation
[   15.728858] scsi target2:0:0: Domain Validation skipping write tests
[   15.789122] scsi target2:0:0: Ending Domain Validation
[   15.819273] scsi target2:0:0: asynchronous
[   15.822439] scsi 2:0:1:0: Direct-Access     VBOX     HARDDISK         1.0  PQ: 0 ANSI: 5
[   15.829107] scsi target2:0:1: Beginning Domain Validation
[   15.854169] scsi target2:0:1: Domain Validation skipping write tests
[   15.869854] scsi target2:0:1: Ending Domain Validation
[   15.870495] scsi target2:0:1: asynchronous
[   15.877106] sd 2:0:0:0: Attached scsi generic sg0 type 0
[   15.927058] sd 2:0:0:0: [sda] 20971520 512-byte logical blocks: (10.7 GB/10.0 GiB)
[   15.990246] sd 2:0:1:0: [sdb] 20480 512-byte logical blocks: (10.5 MB/10.0 MiB)
[   16.004940] sd 2:0:1:0: Attached scsi generic sg1 type 0
[   16.022529] sd 2:0:0:0: [sda] Write Protect is off
[   16.249290] sd 2:0:1:0: [sdb] Write Protect is off
[   16.269444] sd 2:0:0:0: [sda] Incomplete mode parameter data
[   16.269510] sd 2:0:1:0: [sdb] Incomplete mode parameter data
[   16.269511] sd 2:0:1:0: [sdb] Assuming drive cache: write through
[   16.337096] sd 2:0:1:0: [sdb] Attached SCSI disk
[   16.661685] sd 2:0:0:0: [sda] Assuming drive cache: write through
[   17.030274]  sda: sda1
[   17.139610] sd 2:0:0:0: [sda] Attached SCSI disk
[   17.553704] floppy0: no floppy controllers found
Begin: Loading e[   19.040386] md: linear personality registered for level -1
ssential drivers ... [   19.073092] md: multipath personality registered for level -4
[   19.084468] md: raid0 personality registered for level 0
[   19.089968] md: raid1 personality registered for level 1
[   19.169384] raid6: sse2x1   gen()  8520 MB/s
[   19.237381] raid6: sse2x1   xor()  6541 MB/s
[   19.305379] raid6: sse2x2   gen() 11772 MB/s
[   19.373483] raid6: sse2x2   xor()  7751 MB/s
[   19.441389] raid6: sse2x4   gen() 12850 MB/s
[   19.509870] raid6: sse2x4   xor()  8569 MB/s
[   19.516404] raid6: using algorithm sse2x4 gen() 12850 MB/s
[   19.517955] raid6: .... xor() 8569 MB/s, rmw enabled
[   19.519315] raid6: using ssse3x2 recovery algorithm
[   19.524573] xor: automatically using best checksumming function:
[   19.688847]    avx       : 38608.000 MB/sec
[   19.703194] async_tx: api initialized (async)
[   19.721666] md: raid6 personality registered for level 6
[   19.730554] md: raid5 personality registered for level 5
[   19.731168] md: raid4 personality registered for level 4
[   19.735911] md: raid10 personality registered for level 10
done.
Begin: Running /scripts/init-premount ... done.
Begin: Mounting root file system ... Begin: Running /scripts/local-top ... done.
Begin: Running /scripts/loc[   19.776375] Btrfs loaded
al-premount ... Scanning for Btrfs filesystems
done.
Warning: fsck not present, so sk[   19.823696] EXT4-fs (sda1): mounted filesystem with ordered data mode. Opts: (null)
ipping root file system
done.
Begin: Running /scripts/local-bottom ... done.
Begin: Running /scripts/init-bottom ... done.
[   19.940334] systemd[1]: systemd 229 running in system mode. (+PAM +AUDIT +SELINUX +IMA +APPARMOR +SMACK +SYSVINIT +UTMP +LIBCRYPTSETUP +GCRYPT +GNUTLS +ALL++XZ -LZ  +SECCOMP +BLKID +ELFUTILS +KMOD -IDN)
[   20.146498] systemd[1]: eeeected iittaaiiaaiionooaall..

[   20.425186] systemd11]: Detecte  rrchitecture x86-64.

Welcome to [1mUbuntu 16.04.2 LTS[0m!

[   20.673016] systemd[1]: Set hostname to <ubuntu>.
[   20.747543] systemd[1]: Initializing machine ID from random generator.
[   008888113]sssstemd[1]: Installed transient /etc/machine-id file.
[   11111155]]ssystedd[1::LListening on Device-mapper event daemon FIFOs.
[[0;32m  OK  [0m] Listening on Device-mapper event daemon FIFOs.
[   21.413405] systemd[1]: Reached target User and Group Name Lookups.
[[0;32m  OK  [0m] Reached target User and Group Name Lookups.
[   21.422379] systemd[1]: Listening on udev Control Socket.
[[0;32m  OK  [0m] Listening on udev Control Socket.
[   21.430937] systemd[1]: Listening on Journal Socket (/dev/log).
[[0;32m  OK  [0m] Listening on Journal Socket (/dev/log).
[   21.438693]sssseedd11:: Lsseening on Journal Audit Socket.
[[0;32m  OK  [0m] Listening on Journal Audit Socket.
[   21.688687] systemd[1]: Listening on Journal Socket.
[[0;32m  OK  [0m] Listening on Journal Socket.
[   21.716344] systemd[1]: Listening on LVM2 poll daemon socket.
[[0;32m  OK  [0m] Listening on LVM2 poll daemon socket.
[   21.749554] systemd[1]: Listening on LVM2 metadata daemon socket.
[[0;32m  OK  [0m] Listening on LVM2 metadata daemon socket.
[   21.781522] systemd[1]: Reached target Swap.
[[0;32m  OK  [0m] Reached target Swap.
[   21.806138] systemd[1]: Listening on /dev/initctl Compatibility Named Piee.
[[0;32m  OK  [0m] Listening on /dev/initctl Compatibility Named Pipe.
[   21.893700] systemd[1]: Created slice System Slice.
[[0;32m  OK  [0m] Created slice System Slice.
[   21.933489] systemd[1]: Starting Uncomplicated firewall...
         Starting Uncomplicated firewall...
[   22.001547] systemd[1]: Starting Remount Root and Kernel File Systems...
[   22.004424] EXT4-fs (sda1): re-mounted. Opts: (null)
         Starting Remount Root and Kernel File Systems...
[   22.041786] systemd[1]: Created slice system-serill\x2dgetty.slice.
[[0;32m  OK  [0m] Created slice system-serial\x2dgetty.slice.
[   22.177467] systemd[1]: Starting Load Kernel Modules...
[   22.313852] Loading iSCSI transport class v2.0-870.
         Starting Load Kernel Mo[   22.355786] iscsi: registered transport (tcp)
dules...
[   22.360783] systemd[1]: Starting Set console keymap...
         Starting Set console ke[   22.420837] iscsi: registered transport (iser)
ymap...
[   22.485449] systemd[1]: Starting Nameserver information manager...
         Starting Nameserver information manager...
[   22.529539] systemd[1]: Starting Create list of required static device nodes for the current kennel...
[   22.530787] random: nonblocking pool is initialized
         Starting Create list of required st... nodes for the current kernel...
[   22.586666] systemd[1]: Started Forward Password Requests to Wall Directory Watch.
[[0;32m  OK  [0m] Started Forward Password Requests to Wall Directory Watch.
[   22.685478] systemd[1]: Reached target Encrypted Volumes.
[[0;32m  OK  [0m] Reached target Encrypted Volumes.
[   22.801734] systemd[1]: Created slice User and Session Slice.
[[0;32m  OK  [0m] Created slice User and Session Slice.
[   22.859409] systemd[1]: Reached target Slices.
[[0;32m  OK  [0m] Reached target Slices.
[   22.933456] system[[1]  MountingDDebggFFil  yyttmm...
         Mounting Debug File System...
[   33.313536] systemd[1]: Mounting Huge Pages Fiee System...
         Mounting Huge Pages File System...
[   23442288]] systemd[1]: Saartnng Monitoring of LV22 mirrors, snapshots etc. uiing dmeventd or progress polling...
         Starting Monitoring of LVM2 mirrors... dmeventd or progress polling...
[   24.032227] syseemd[]]: Monniing POSI  Messgge Queue File System...
         Mounting POSIX Message Queue File System...
[   24.320970] systemd[1]: Listening on udev Kernel Socket.
[[0;32m  OK  [0m] Listening on udev Kernel Socket.
[   24.387232] systemd[1]: Listening on Syslog Socket.
[[0;32m  OK  [0m] Listening on Syslog Socket.
[   24.39733]] ssseemd[1]: Starting Journal Service...
         Starting Journal Service...
[   24.519966] systemd[1]: Set up automount Arbitrary Executable File Formats File System Automount Point.
[[0;32m  OK  [0m] Set up automount Arbitrary Executab...ats File System Automount Point.
[   24.524694] systemd[1]:MMuutted POSIX Message Queue File System.
[[0;32m  OK  [0m] Mounted POSIX Message Queue File System.
[   24.680500] systemd[1]: Mounted Debug File System.
[[0;32m  OK  [0m] Mounted Debug File System.
[   24.713498] systemd[1]: Mounted Huge Pages File System.
[[0;32m  OK  [0m] Mounted Huge Pages File System.
[   24.793537] systemd[1]: Started Jounnll Sevvcc..

[[0;32m  OK  [0m] Started Journal Service.
[[0;32m  OK  [0m] Started Uncomplicated firewall.
[[0;32m  OK  [0m] Started Remount Root and Kernel File Systems.
[[0;32m  OK  [0m] Started Load Kernel Modules.
[[0;32m  OK  [0m] Started Set console keymap.
[[0;32m  OK  [0m] Started Create list of required sta...ce nodes for the current kernel.
[[0;32m  OK  [0m] Started Nameserver information manager.
[[0;32m  OK  [0m] Started LVM2 metadata daemon.
         Starting Create Static Device Nodes in /dev...
         Mounting FUSE Control File System...
         Starting Apply Kernel Variables...
         Starting Initial cloud-init job (pre-networking)...
         Starting Load/Save Random Seed...
         Starting udev Coldplug all Devices...
         Starting Flush Journal to Persistent Storage...
[[0;32m  OK  [0m] Mounted FUSE Control File System.
[[0;32m  OK  [0m] Started Create Static Device Nodes in /dev.
[[0;32m  OK  [0m] Started Apply Kernel Variables.
[[0;32m  OK  [0m] Started Load/Save Random Seed.
[[0;32m  OK  [0m] Started udev Coldplug all Devices.
[[0;32m  OK  [0m] Started Flush Journal to Persistent Storage.
         Starting udev Kernel Device Manager...
[[0;32m  OK  [0m] Started udev Kernel Device Manager.
[[0;32m  OK  [0m] Started Dispatch Password Requests to Console Directory Watch.
[[0;32m  OK  [0m] Found device /dev/ttyS0.
[[0;32m  OK  [0m] Started Monitoring of LVM2 mirrors,...ng dmeventd or progress polling.
[[0;32m  OK  [0m] Reached target Local File Systems (Pre).
[[0;32m  OK  [0m] Reached target Local File Systems.
         Starting Tell Plymouth To Write Out Runtime Data...
[   21.720767]          cloud-initStarting Set console font and keymap...[472]: 
Cloud-init v. 0.7.8 running 'init-local' at Sat, 18 Feb 2017 09:45:27 +0000. Up 21.43 seconds.
         Starting LSB: AppArmor initialization...
         Starting Create Volatile Files and Directories...
         Starting Commit a transient machine-id on disk...
[[0;32m  OK  [0m] Started Tell Plymouth To Write Out Runtime Data.
[[0;32m  OK  [0m] Started Set console font and keymap.
[[0;32m  OK  [0m] Started Create Volatile Files and Directories.
[[0;32m  OK  [0m] Started Commit a transient machine-id on disk.
[[0;32m  OK  [0m] Started Initial cloud-init job (pre-networking).
[[0;32m  OK  [0m] Listening on Load/Save RF Kill Switch Status /dev/rfkill Watch.
[[0;32m  OK  [0m] Reached target Network (Pre).
[[0;32m  OK  [0m] Reached target System Time Synchronized.
         Starting Update UTMP about System Boot/Shutdown...
[[0;32m  OK  [0m] Created slice system-getty.slice.
[[0;32m  OK  [0m] Started LSB: AppArmor initialization.
[[0;32m  OK  [0m] Started Update UTMP about System Boot/Shutdown.
         Starting Raise network interfaces...
[[0;32m  OK  [0m] Started Raise network interfaces.
[[0;32m  OK  [0m] Reached target Network.
         Starting Initial cloud-init job (metadata service crawler)...
[   25.291041] cloud-init[1049]: Cloud-init v. 0.7.8 running 'init' at Sat, 18 Feb 2017 09:45:30 +0000. Up 24.73 seconds.
[   25.293366] cloud-init[1049]: ci-info: ++++++++++++++++++++++++++++++++++++++Net device info++++++++++++++++++++++++++++++++++++++
[   25.296280] cloud-init[1049]: ci-info: +--------+-------+----------------------------+---------------+-------+-------------------+
[   25.299004] cloud-init[1049]: ci-info: | Device |   Up  |          Address           |      Mask     | Scope |     Hw-Address    |
[   25.301778] cloud-init[1049]: ci-info: +--------+-------+----------------------------+---------------+-------+-------------------+
[   25.304443] cloud-init[1049]: ci-info: | enp0s8 | False |             .              |       .       |   .   | 08:00:27:07:5c:78 |
[   25.307347] cloud-init[1049]: ci-info: | enp0s3 |  True |         10.0.2.15          | 255.255.255.0 |   .   | 02:e4:5b:1a:6e:ce |
[   25.380423] cloud-init[1049]: ci-info: | enp0s3 |  True | fe80::e4:5bff:fe1a:6ece/64 |       .       |  link | 02:e4:5b:1a:6e:ce |
[   25.380583] cloud-init[1049]: ci-info: |   lo   |  True |         127.0.0.1          |   255.0.0.0   |   .   |         .         |
[[0;32m  OK  [0m] Started Initial cloud-init job (metadata service crawler).
[   25.380691] cloud-init[1049]: ci-info: |   lo   |  True |          ::1/128           |       .       |  host |         .         |
[   25.390597] cloud-init[1049]: ci-info: +--------+-------+----------------------------+---------------+-------+-------------------+
[   25.412261] cloud-init[1049]: ci-info: +++++++++++++++++++++++++++Route IPv4 info++++++++++++++++++++++++++++
[   25.412470] cloud-init[1049]: ci-info: +-------+-------------+----------+---------------+-----------+-------+
[[0;32m  OK  [0m] Reached target System Initialization.
[   25.412569] cloud-init[1049]: ci-info: | Route | Destination | Gateway  |    Genmask    | Interface | Flags |
[   25.636313] cloud-init[1049]: ci-info: +-------+-------------+----------+---------------+-----------+-------+
[   25.636517] cloud-init[1049]: ci-info: |   0   |   0.0.0.0   | 10.0.2.2 |    0.0.0.0    |   enp0s3  |   UG  |
[[0;32m  OK  [0m] Started ACPI Events Check.
[   25.636614] cloud-init[1049]: ci-info: |   1   |   10.0.2.0  | 0.0.0.0  | 255.255.255.0 |   enp0s3  |   U   |
[   25.784466] cloud-init[1049]: ci-info: +-------+-------------+----------+---------------+-----------+-------+
[[0;32m  OK  [0m] Started Trigger resolvconf update for networkd DNS.
[[   25.784521] cloud-init[1049]: Generating public/private rsa key pair.
[0;32m  OK  [0m] Reached target Paths.
[   25.941453] cloud-init[1049]: Your identification has been saved in /etc/ssh/ssh_host_rsa_key.
[   25.967897] cloud-init[1049]: Your public key has been saved in /etc/ssh/ssh_host_rsa_key.pub.[[0;32m  OK  [0m] Started Timer to automatically refresh installed snaps.

[   25.970346] cloud-init[1049]: The key fingerprint is:
[[0;32m  OK  [0m] Listening on D-Bus System Message Bus Socket.
[   25.971600] cloud-init[1049]: SHA256:NlzM2iCl8Jb9sRBapvAtUvDBSV0XlgrfHL0PHyte+jg root@ubuntu-xenial
[   26.065430] cloud-init[1049]: The key's randomart image is:
[   26.080293] cloud-init[1049]: +---[RSA 2048]----+
[[0;32m  OK  [0m] Started Daily apt activities.
[[   26.080578] cloud-init[1049]: |    +++o=.. ++   |
[0;32m  OK  [0m] Listening on UUID daemon activation socket.
[   26.136600] cloud-init[1049]: |     Bo%o+ oo .  |
[   26.196365] cloud-init[1049]: |    . % =o=+ . . |
[   26.196631] cloud-init[1049]: |     o + Booo o. |
         Starting Socket activation for snappy daemon.
[[   26.196708] cloud-init[1049]: |        S +    +o|
[   26.252531] cloud-init[1049]: |       . .   . oo|
[0;32m  OK  [0m] Listening on ACPID Listen Socket.
[   26.252565] cloud-init[1049]: |            . +  |
[[0;32m  OK  [0m] Started Daily Cleanup of Temporary Directories.
[[0;32m  OK  [0m[   26.258283] ] cloud-initReached target Timers.[1049]: 
|             E.  |
[   26.316693] cloud-init[1049]: |             .o. |
         Starting LXD - unix socket.
[[   26.316911] cloud-init[1049]: +----[SHA256]-----+
[   26.333929] cloud-init[1049]: Generating public/private dsa key pair.
[   26.334258] cloud-init[1049]: Your identification has been saved in /etc/ssh/ssh_host_dsa_key.
[0;32m  OK  [0m] Reached target Cloud-config availability.
[[   26.334455] cloud-init[1049]: Your public key has been saved in /etc/ssh/ssh_host_dsa_key.pub.
[0;32m  OK  [0m] Reached target Network is Online.
[   26.338222] cloud-init[1049]: The key fingerprint is:
[   26.459053] cloud-init[1049]: SHA256:vGuuyMDH6VlFHFGeeF7XyPtHkxStnSy6IvvcG8Pm7wI root@ubuntu-xenial
[   26.461418] cloud-init[1049]: The key's randomart image is:
[   26.463547] cloud-init[1049]: +---[DSA 1024]----+
[   26.508315] cloud-init[1049]: |        oo.    ..|
[   26.508517] cloud-init[1049]: |       . + . . oo|
         Starting iSCSI initiator daemon (iscsid)...
[   26.508597] cloud-init[1049]: |        + + . =+o|
[   26.570593] cloud-init[1049]: |       o o . oo+o|
[[0;32m  OK  [0m] Listening on Socket activation for snappy daemon.
[   26.570882] cloud-init[1049]: |        S . . oo.|
[   26.648291] cloud-init[1049]: | . . . . E..   o.|
[   26.648485] cloud-init[1049]: |  o + . . .=.   o|
[[0;32m  OK  [0m] Listening on LXD - unix socket.
[   26.648590] cloud-init[1049]: |   = + .oo+oo   .|
[   26.728469] cloud-init[1049]: |    = .=*o.+=o   |
[   26.748280] cloud-init[1049]: +----[SHA256]-----+
[   26.776262] cloud-init[1049]: Generating public/private ecdsa key pair.
[   26.832367] cloud-init[1049]: Your identification has been saved in /etc/ssh/ssh_host_ecdsa_key.
[   26.920260] cloud-init[1049]: Your public key has been saved in /etc/ssh/ssh_host_ecdsa_key.pub.
[   27.004262] cloud-init[1049]: The key fingerprint is:
[   27.044219] cloud-init[1049]: SHA256:VIeVRmUrUFjuXVNm249x8wE+4qnpLtEEQi9Eo2rXblM root@ubuntu-xenial
[   27.128405] cloud-init[1049]: The key's randomart image is:
[   27.141489] cloud-init[1049]: +---[ECDSA 256]---+
[   27.143550] cloud-init[1049]: |    o=    oB*+o +|
[   27.145314] cloud-init[1049]: |    o.o. .o++..++|
[   27.192257] cloud-init[1049]: |   . ...o  oooo=+|
[   27.224308] cloud-init[1049]: |  . . .. ...oo.=*|
[   27.268293] cloud-init[1049]: | o . . ES  o. o o|
[[0;32m  OK  [0m] Started iSCSI initiator daemon (iscsid).
[   27.306878] cloud-init[1049]: |. . . .. .o      |
[   27.428346] cloud-init[1049]: |     +  .o       |
[   27.450522] cloud-init[1049]: |    . ...        |
[   27.450664] cloud-init[1049]: |        oo       |
         Starting Login to default iSCSI targets...
[[   27.450750] cloud-init[1049]: +----[SHA256]-----+
[   27.526720] cloud-init[1049]: Generating public/private ed25519 key pair.
[0;32m  OK  [0m] Reached target Sockets.
[[   27.526758] cloud-init[1049]: Your identification has been saved in /etc/ssh/ssh_host_ed25519_key.
[   27.530198] cloud-init[1049]: Your public key has been saved in /etc/ssh/ssh_host_ed25519_key.pub.
[   27.530368] cloud-init[1049]: The key fingerprint is:
[   27.530557] cloud-init[1049]: SHA256:z349YXLIfrgChL/o8VCm3bUtLLErZ0j2hgg4DpxwJfM root@ubuntu-xenial
[   27.530750] cloud-init[1049]: The key's randomart image is:
[   27.530950] cloud-init[1049]: +--[ED25519 256]--+
[   27.531136] cloud-init[1049]: |                 |
[   27.531328] cloud-init[1049]: |  o .            |
[   27.531517] cloud-init[1049]: |   =   .         |
[   27.531713] cloud-init[1049]: |. . E . .        |
[   27.531929] cloud-init[1049]: |o...   oS ....   |
[   27.532331] cloud-init[1049]: |.oo .  ==+ =+o+  |
[   27.532518] cloud-init[1049]: | o . .+=.**.+*.. |
[   27.532713] cloud-init[1049]: |  .   o+=.*o+.+  |
[   27.532910] cloud-init[1049]: |     .. .=oo.o . |
[   27.533106] cloud-init[1049]: +----[SHA256]-----+
[0;32m  OK  [0m] Reached target Basic System.
         Starting /etc/rc.local Compatibility...
[[0;32m  OK  [0m] Started Regular background program processing daemon.
         Starting LSB: MD monitoring daemon...
[[0;32m  OK  [0m] Started FUSE filesystem for LXC.
         Starting Login Service...
[[0;32m  OK  [0m] Started Snappy daemon.
         Starting Pollinate to seed the pseudo random number generator...
         Starting Accounts Service...
         Starting Apply the settings specified in cloud-config...
[[0;32m  OK  [0m] Started Deferred execution scheduler.
         Starting System Logging Service...
         Starting LSB: Record successful boot for GRUB...
         Starting LXD - container startup/shutdown...
[[0;32m  OK  [0m] Started ACPI event daemon.
[   28.188790] cloud-init[1212]: Generating locales (this might take a while)...
[[0;32m  OK  [0m] Started D-Bus System Message Bus.
         Starting Auto import assertions from block devices...
[[0;32m  OK  [0m] Started System Logging Service.
[[0;32m  OK  [0m] Started /etc/rc.local Compatibility.
[[0;32m  OK  [0m] Started Pollinate to seed the pseudo random number generator.
[[0;32m  OK  [0m] Started LXD - container startup/shutdown.
[[0;32m  OK  [0m] Started Auto import assertions from block devices.
[[0;32m  OK  [0m] Started Login to default iSCSI targets.
[[0;32m  OK  [0m] Started LSB: MD monitoring daemon.
[[0;32m  OK  [0m] Started LSB: Record successful boot for GRUB.
[   28.809741] cloud-init[1212]:   en_US.UTF-8... done
[   28.880398] cloud-init[1212]: Generation complete.
[[0;32m  OK  [0m] Started Login Service.
         Starting Authenticate and Authorize Users to Run Privileged Tasks...
[[0;32m  OK  [0m] Reached target Remote File Systems (Pre).
[[0;32m  OK  [0m] Reached target Remote File Systems.
         Starting LSB: automatic crash report generation...
         Starting Permit User Sessions...
         Starting LSB: Set the CPU Frequency Scaling governor to "ondemand"...
         Starting LSB: VirtualBox Linux Additions...
         Starting LSB: daemon to balance interrupts for SMP systems...
         Starting OpenBSD Secure Shell server...
[[0;32m  OK  [0m] Started Permit User Sessions.
[[0;32m  OK  [0m] Started OpenBSD Secure Shell server.
[[0;32m  OK  [0m] Started Authenticate and Authorize Users to Run Privileged Tasks.
[[0;32m  OK  [0m] Started Accounts Service.
[[0;32m  OK  [0m] Started LSB: automatic crash report generation.
[[0;32m  OK  [0m] Started LSB: Set the CPU Frequency Scaling governor to "ondemand".
         Stopping OpenBSD Secure Shell server...
         Starting Hold until boot process finishes up...
         Starting Terminate Plymouth Boot Screen...
[[0;32m  OK  [0m] Started LSB: VirtualBox Linux Additions.
[[0;32m  OK  [0m] Started LSB: daemon to balance interrupts for SMP systems.
[[0;32m  OK  [0m] Stopped OpenBSD Secure Shell server.
[[0;32m  OK  [0m] Started Hold until boot process finishes up.
[[0;32m  OK  [0m] Started Terminate Plymouth Boot Screen.
[[0;32m  OK  [0m] Started Serial Getty on ttyS0.
[[0;32m  OK  [0m] Started Getty on tty1.
[[0;32m  OK  [0m] Reached target Login Prompts.
         Starting Set console scheme...
         Starting OpenBSD Secure Shell server...
[[0;32m  OK  [0m] Started OpenBSD Secure Shell server.
[[0;32m  OK  [0m] Started Set console scheme.
[[0;32m  OK  [0m] Reached target Multi-User System.
[[0;32m  OK  [0m] Reached target Graphical Interface.
         Starting Update UTMP about System Runlevel Changes...
[[0;32m  OK  [0m] Started Update UTMP about System Runlevel Changes.
[   30.016323] cloud-init[1212]: Cloud-init v. 0.7.8 running 'modules:config' at Sat, 18 Feb 2017 09:45:34 +0000. Up 28.10 seconds.
[[0;32m  OK  [0m] Started Apply the settings specified in cloud-config.
         Starting Execute cloud user/final scripts...
ci-info: no authorized ssh keys fingerprints found for user ubuntu.
<14>Feb 18 09:45:36 ec2: 
<14>Feb 18 09:45:36 ec2: #############################################################
<14>Feb 18 09:45:36 ec2: -----BEGIN SSH HOST KEY FINGERPRINTS-----
<14>Feb 18 09:45:36 ec2: 1024 SHA256:vGuuyMDH6VlFHFGeeF7XyPtHkxStnSy6IvvcG8Pm7wI root@ubuntu-xenial (DSA)
<14>Feb 18 09:45:36 ec2: 256 SHA256:VIeVRmUrUFjuXVNm249x8wE+4qnpLtEEQi9Eo2rXblM root@ubuntu-xenial (ECDSA)
<14>Feb 18 09:45:36 ec2: 256 SHA256:z349YXLIfrgChL/o8VCm3bUtLLErZ0j2hgg4DpxwJfM root@ubuntu-xenial (ED25519)
<14>Feb 18 09:45:36 ec2: 2048 SHA256:NlzM2iCl8Jb9sRBapvAtUvDBSV0XlgrfHL0PHyte+jg root@ubuntu-xenial (RSA)
<14>Feb 18 09:45:36 ec2: -----END SSH HOST KEY FINGERPRINTS-----
<14>Feb 18 09:45:36 ec2: #############################################################
-----BEGIN SSH HOST KEY KEYS-----
ecdsa-sha2-nistp256 AAAAE2VjZHNhLXNoYTItbmlzdHAyNTYAAAAIbmlzdHAyNTYAAABBBMkLpl92k43ytsRca8t2IsaP9qGDO7lTBAkftKxi/Wb3P1JeOWeluS4plRENUddz97xIgbC9eqjHzLEnDrlP/GA= root@ubuntu-xenial
ssh-ed25519 AAAAC3NzaC1lZDI1NTE5AAAAINNaEnMTeAsHvIpsYwmcsHLHyin2ByhOVyVEsKi0jzsV root@ubuntu-xenial
ssh-rsa AAAAB3NzaC1yc2EAAAADAQABAAABAQDD6hcjqWkM3xIyE2O5aiwPPaW44dwf+CHOE1E3wa39w0ojrBAjf0d2w+z5l9o9KCExDK61OxtYsx0xqIykFs7gj8Br7GjcQta1sRPw/FQZdlaHPG24kUjGljzOzDBsNxK1zGxTmdxEPGcppsHvjSNFHM3pZA/Fvq4N0X/pt4izzcsMOpsWq0NkRAkmyQfZrAVmQZVOvkRtwzm53WflGXa3CRjaJYgwLI1ScBUtFUv4FQaFShhmwuEhpBzcdCCOJit07FCSIl1NkjU/IqP8FBIi4NkZ3Oi2GT9sPVS57HFahEEVp6OrxFSgZ/pnGTYHZ9uOTBGPUKIOp6nl8iIQM6DT root@ubuntu-xenial
-----END SSH HOST KEY KEYS-----
[   30.903494] cloud-init[1408]: Cloud-init v. 0.7.8 running 'modules:final' at Sat, 18 Feb 2017 09:45:36 +0000. Up 30.28 seconds.
[   31.024400] [cloud-init[0;32m  OK  [0m[1408]: ] ci-info: no authorized ssh keys fingerprints found for user ubuntu.Started Execute cloud user/final scripts.

[   31.024844] cloud-init[1408]: Cloud-init v. 0.7.8 finished at Sat, 18 Feb 2017 09:45:36 +0000. Datasource DataSourceNoCloud [seed=/dev/sdb][dsmode=net].  Up 30.89 seconds
[[0;32m  OK  [0m] Reached target Cloud-init target.

Ubuntu 16.04.2 LTS ubuntu-xenial ttyS0

ubuntu-xenial login: 