[    0.000000] Initializing cgroup subsys cpuset
[    0.000000] Initializing cgroup subsys cpu
[    0.000000] Initializing cgroup subsys cpuacct
[    0.000000] Linux version 4.4.0-62-generic (buildd@lcy01-30) (gcc version 5.4.0 20160609 (Ubuntu 5.4.0-6ubuntu1~16.04.4) ) #83-Ubuntu SMP Wed Jan 18 14:10:15 UTC 2017 (Ubuntu 4.4.0-62.83-generic 4.4.40)
[    0.000000] Command line: BOOT_IMAGE=/boot/vmlinuz-4.4.0-62-generic root=LABEL=cloudimg-rootfs ro console=tty1 console=ttyS0
[    0.000000] KERNEL supported cpus:
[    0.000000]   Intel GenuineIntel
[    0.000000]   AMD AuthenticAMD
[    0.000000]   Centaur CentaurHauls
[    0.000000] x86/fpu: xstate_offset[2]:  576, xstate_sizes[2]:  256
[    0.000000] x86/fpu: Supporting XSAVE feature 0x01: 'x87 floating point registers'
[    0.000000] x86/fpu: Supporting XSAVE feature 0x02: 'SSE registers'
[    0.000000] x86/fpu: Supporting XSAVE feature 0x04: 'AVX registers'
[    0.000000] x86/fpu: Enabled xstate features 0x7, context size is 832 bytes, using 'standard' format.
[    0.000000] x86/fpu: Using 'lazy' FPU context switches.
[    0.000000] e820: BIOS-provided physical RAM map:
[    0.000000] BIOS-e820: [mem 0x0000000000000000-0x000000000009fbff] usable
[    0.000000] BIOS-e820: [mem 0x000000000009fc00-0x000000000009ffff] reserved
[    0.000000] BIOS-e820: [mem 0x00000000000f0000-0x00000000000fffff] reserved
[    0.000000] BIOS-e820: [mem 0x0000000000100000-0x000000003ffeffff] usable
[    0.000000] BIOS-e820: [mem 0x000000003fff0000-0x000000003fffffff] ACPI data
[    0.000000] BIOS-e820: [mem 0x00000000fec00000-0x00000000fec00fff] reserved
[    0.000000] BIOS-e820: [mem 0x00000000fee00000-0x00000000fee00fff] reserved
[    0.000000] BIOS-e820: [mem 0x00000000fffc0000-0x00000000ffffffff] reserved
[    0.000000] NX (Execute Disable) protection: active
[    0.000000] SMBIOS 2.5 present.
[    0.000000] Hypervisor detected: KVM
[    0.000000] e820: last_pfn = 0x3fff0 max_arch_pfn = 0x400000000
[    0.000000] MTRR: Disabled
[    0.000000] x86/PAT: MTRRs disabled, skipping PAT initialization too.
[    0.000000] x86/PAT: Configuration [0-7]: WB  WT  UC- UC  WB  WT  UC- UC  
[    0.000000] CPU MTRRs all blank - virtualized system.
[    0.000000] found SMP MP-table at [mem 0x0009fff0-0x0009ffff] mapped at [ffff88000009fff0]
[    0.000000] Scanning 1 areas for low memory corruption
[    0.000000] RAMDISK: [mem 0x36b5a000-0x375a4fff]
[    0.000000] ACPI: Early table checksum verification disabled
[    0.000000] ACPI: RSDP 0x00000000000E0000 000024 (v02 VBOX  )
[    0.000000] ACPI: XSDT 0x000000003FFF0030 00003C (v01 VBOX   VBOXXSDT 00000001 ASL  00000061)
[    0.000000] ACPI: FACP 0x000000003FFF00F0 0000F4 (v04 VBOX   VBOXFACP 00000001 ASL  00000061)
[    0.000000] ACPI: DSDT 0x000000003FFF0470 00210F (v01 VBOX   VBOXBIOS 00000002 INTL 20160108)
[    0.000000] ACPI: FACS 0x000000003FFF0200 000040
[    0.000000] ACPI: FACS 0x000000003FFF0200 000040
[    0.000000] ACPI: APIC 0x000000003FFF0240 00005C (v02 VBOX   VBOXAPIC 00000001 ASL  00000061)
[    0.000000] ACPI: SSDT 0x000000003FFF02A0 0001CC (v01 VBOX   VBOXCPUT 00000002 INTL 20160108)
[    0.000000] No NUMA configuration found
[    0.000000] Faking a node at [mem 0x0000000000000000-0x000000003ffeffff]
[    0.000000] NODE_DATA(0) allocated [mem 0x3ffeb000-0x3ffeffff]
[    0.000000] kvm-clock: Using msrs 4b564d01 and 4b564d00
[    0.000000] kvm-clock: cpu 0, msr 0:3ffe3001, primary cpu clock
[    0.000000] kvm-clock: using sched offset of 2883502142 cycles
[    0.000000] clocksource: kvm-clock: mask: 0xffffffffffffffff max_cycles: 0x1cd42e4dffb, max_idle_ns: 881590591483 ns
[    0.000000] Zone ranges:
[    0.000000]   DMA      [mem 0x0000000000001000-0x0000000000ffffff]
[    0.000000]   DMA32    [mem 0x0000000001000000-0x000000003ffeffff]
[    0.000000]   Normal   empty
[    0.000000]   Device   empty
[    0.000000] Movable zone start for each node
[    0.000000] Early memory node ranges
[    0.000000]   node   0: [mem 0x0000000000001000-0x000000000009efff]
[    0.000000]   node   0: [mem 0x0000000000100000-0x000000003ffeffff]
[    0.000000] Initmem setup node 0 [mem 0x0000000000001000-0x000000003ffeffff]
[    0.000000] ACPI: PM-Timer IO Port: 0x4008
[    0.000000] IOAPIC[0]: apic_id 2, version 32, address 0xfec00000, GSI 0-23
[    0.000000] ACPI: INT_SRC_OVR (bus 0 bus_irq 0 global_irq 2 dfl dfl)
[    0.000000] ACPI: INT_SRC_OVR (bus 0 bus_irq 9 global_irq 9 high level)
[    0.000000] Using ACPI (MADT) for SMP configuration information
[    0.000000] smpboot: Allowing 2 CPUs, 0 hotplug CPUs
[    0.000000] PM: Registered nosave memory: [mem 0x00000000-0x00000fff]
[    0.000000] PM: Registered nosave memory: [mem 0x0009f000-0x0009ffff]
[    0.000000] PM: Registered nosave memory: [mem 0x000a0000-0x000effff]
[    0.000000] PM: Registered nosave memory: [mem 0x000f0000-0x000fffff]
[    0.000000] e820: [mem 0x40000000-0xfebfffff] available for PCI devices
[    0.000000] Booting paravirtualized kernel on KVM
[    0.000000] clocksource: refined-jiffies: mask: 0xffffffff max_cycles: 0xffffffff, max_idle_ns: 7645519600211568 ns
[    0.000000] setup_percpu: NR_CPUS:512 nr_cpumask_bits:512 nr_cpu_ids:2 nr_node_ids:1
[    0.000000] PERCPU: Embedded 33 pages/cpu @ffff88003fc00000 s98264 r8192 d28712 u1048576
[    0.000000] PV qspinlock hash table entries: 256 (order: 0, 4096 bytes)
[    0.000000] Built 1 zonelists in Node order, mobility grouping on.  Total pages: 257913
[    0.000000] Policy zone: DMA32
[    0.000000] Kernel command line: BOOT_IMAGE=/boot/vmlinuz-4.4.0-62-generic root=LABEL=cloudimg-rootfs ro console=tty1 console=ttyS0
[    0.000000] PID hash table entries: 4096 (order: 3, 32768 bytes)
[    0.000000] Memory: 1002040K/1048120K available (8436K kernel code, 1291K rwdata, 3960K rodata, 1488K init, 1316K bss, 46080K reserved, 0K cma-reserved)
[    0.000000] SLUB: HWalign=64, Order=0-3, MinObjects=0, CPUs=2, Nodes=1
[    0.000000] Hierarchical RCU implementation.
[    0.000000] 	Build-time adjustment of leaf fanout to 64.
[    0.000000] 	RCU restricting CPUs from NR_CPUS=512 to nr_cpu_ids=2.
[    0.000000] RCU: Adjusting geometry for rcu_fanout_leaf=64, nr_cpu_ids=2
[    0.000000] NR_IRQS:33024 nr_irqs:440 16
[    0.000000] Console: colour VGA+ 80x25
[    0.000000] console [tty1] enabled
[    0.000000] console [ttyS0] enabled
[    0.000000] tsc: Detected 3699.994 MHz processor
[    1.081296] Calibrating delay loop (skipped) preset value.. 7399.98 BogoMIPS (lpj=14799976)
[    1.097795] pid_max: default: 32768 minimum: 301
[    1.098347] ACPI: Core revision 20150930
[    1.099564] ACPI: 2 ACPI AML tables successfully acquired and loaded
[    1.103374] Security Framework initialized
[    1.103875] Yama: becoming mindful.
[    1.104364] AppArmor: AppArmor initialized
[    1.110418] Dentry cache hash table entries: 131072 (order: 8, 1048576 bytes)
[    1.135973] Inode-cache hash table entries: 65536 (order: 7, 524288 bytes)
[    1.150181] Mount-cache hash table entries: 2048 (order: 2, 16384 bytes)
[    1.174663] Mountpoint-cache hash table entries: 2048 (order: 2, 16384 bytes)
[    1.177796] Initializing cgroup subsys io
[    1.188854] Initializing cgroup subsys memory
[    1.197775] Initializing cgroup subsys devices
[    1.198320] Initializing cgroup subsys freezer
[    1.198848] Initializing cgroup subsys net_cls
[    1.199379] Initializing cgroup subsys perf_event
[    1.199927] Initializing cgroup subsys net_prio
[    1.206761] Initializing cgroup subsys hugetlb
[    1.220647] Initializing cgroup subsys pids
[    1.221224] CPU: Physical Processor ID: 0
[    1.221726] CPU: Processor Core ID: 0
[    1.222912] mce: CPU supports 0 MCE banks
[    1.223425] Last level iTLB entries: 4KB 1024, 2MB 1024, 4MB 1024
[    1.224086] Last level dTLB entries: 4KB 1024, 2MB 1024, 4MB 1024, 1GB 4
[    1.245393] Freeing SMP alternatives memory: 32K (ffffffff820b8000 - ffffffff820c0000)
[    1.266204] ftrace: allocating 32065 entries in 126 pages
[    1.311373] smpboot: APIC(0) Converting physical 0 to logical package 0
[    1.323188] smpboot: Max logical packages: 1
[    1.337811] x2apic enabled
[    1.360225] Switched APIC routing to physical x2apic.
[    1.396195] ..TIMER: vector=0x30 apic1=0 pin1=2 apic2=-1 pin2=-1
[    1.538394] smpboot: CPU0: Intel(R) Core(TM) i3-4170 CPU @ 3.70GHz (family: 0x6, model: 0x3c, stepping: 0x3)
[    1.547921] Performance Events: unsupported p6 CPU model 60 no PMU driver, software events only.
[    1.551727] KVM setup paravirtual spinlock
[    1.559853] x86: Booting SMP configuration:
[    1.563235] .... node  #0, CPUs:      #1
[    1.569229] kvm-clock: cpu 1, msr 0:3ffe3041, secondary cpu clock
[    1.581303] mce: CPU supports 0 MCE banks
[    1.589694] x86: Booted up 1 node, 2 CPUs
[    1.612044] smpboot: Total of 2 processors activated (14799.97 BogoMIPS)
[    1.618323] devtmpfs: initialized
[    1.621234] evm: security.selinux
[    1.638915] evm: security.SMACK64
[    1.657864] evm: security.SMACK64EXEC
[    1.666764] evm: security.SMACK64TRANSMUTE
[    1.667267] evm: security.SMACK64MMAP
[    1.678832] evm: security.ima
[    1.679250] evm: security.capability
[    1.691179] clocksource: jiffies: mask: 0xffffffff max_cycles: 0xffffffff, max_idle_ns: 7645041785100000 ns
[    1.732121] pinctrl core: initialized pinctrl subsystem
[    1.744320] RTC time: 13:29:15, date: 02/19/17
[    1.763313] NET: Registered protocol family 16
[    1.778773] cpuidle: using governor ladder
[    1.794816] cpuidle: using governor menu
[    1.818652] PCCT header not found.
[    1.824750] ACPI: bus type PCI registered
[    1.842459] acpiphp: ACPI Hot Plug PCI Controller Driver version: 0.5
[    1.848579] PCI: Using configuration type 1 for base access
[    1.863086] ACPI: Added _OSI(Module Device)
[    1.870024] ACPI: Added _OSI(Processor Device)
[    1.874266] ACPI: Added _OSI(3.0 _SCP Extensions)
[    1.889176] ACPI: Added _OSI(Processor Aggregator Device)
[    1.907079] ACPI: Executed 1 blocks of module-level executable AML code
[    1.912588] ACPI: Interpreter enabled
[    1.942130] ACPI: (supports S0 S5)
[    1.950140] ACPI: Using IOAPIC for interrupt routing
[    1.957185] PCI: Using host bridge windows from ACPI; if necessary, use "pci=nocrs" and report a bug
[    1.960913] ACPI: PCI Root Bridge [PCI0] (domain 0000 [bus 00-ff])
[    2.017597] acpi PNP0A03:00: _OSC: OS supports [ASPM ClockPM Segments MSI]
[    2.051291] acpi PNP0A03:00: _OSC failed (AE_NOT_FOUND); disabling ASPM
[    2.052002] acpi PNP0A03:00: fail to add MMCONFIG information, can't access extended PCI configuration space under this bridge.
[    2.053424] PCI host bridge to bus 0000:00
[    2.053929] pci_bus 0000:00: root bus resource [io  0x0000-0x0cf7 window]
[    2.057988] pci_bus 0000:00: root bus resource [io  0x0d00-0xffff window]
[    2.062531] pci_bus 0000:00: root bus resource [mem 0x000a0000-0x000bffff window]
[    2.063436] pci_bus 0000:00: root bus resource [mem 0x40000000-0xffdfffff window]
[    2.064435] pci_bus 0000:00: root bus resource [bus 00-ff]
[    2.113764] pci 0000:00:01.1: legacy IDE quirk: reg 0x10: [io  0x01f0-0x01f7]
[    2.135366] pci 0000:00:01.1: legacy IDE quirk: reg 0x14: [io  0x03f6]
[    2.140341] pci 0000:00:01.1: legacy IDE quirk: reg 0x18: [io  0x0170-0x0177]
[    2.144185] pci 0000:00:01.1: legacy IDE quirk: reg 0x1c: [io  0x0376]
[    2.225655] pci 0000:00:07.0: quirk: [io  0x4000-0x403f] claimed by PIIX4 ACPI
[    2.232257] pci 0000:00:07.0: quirk: [io  0x4100-0x410f] claimed by PIIX4 SMB
[    2.267793] ACPI: PCI Interrupt Link [LNKA] (IRQs 5 9 10 *11)
[    2.356356] ACPI: PCI Interrupt Link [LNKB] (IRQs 5 9 10 *11)
[    2.439217] ACPI: PCI Interrupt Link [LNKC] (IRQs 5 9 *10 11)
[    2.524971] ACPI: PCI Interrupt Link [LNKD] (IRQs 5 *9 10 11)
[    2.617297] ACPI: Enabled 2 GPEs in block 00 to 07
[    2.618546] vgaarb: setting as boot device: PCI:0000:00:02.0
[    2.619481] vgaarb: device added: PCI:0000:00:02.0,decodes=io+mem,owns=io+mem,locks=none
[    2.620532] vgaarb: loaded
[    2.620924] vgaarb: bridge control possible 0000:00:02.0
[    2.621788] SCSI subsystem initialized
[    2.657878] ACPI: bus type USB registered
[    2.671618] usbcore: registered new interface driver usbfs
[    2.672237] usbcore: registered new interface driver hub
[    2.672857] usbcore: registered new device driver usb
[    2.734711] PCI: Using ACPI for IRQ routing
[    2.743365] NetLabel: Initializing
[    2.751786] NetLabel:  domain hash size = 128
[    2.752389] NetLabel:  protocols = UNLABELED CIPSOv4
[    2.753063] NetLabel:  unlabeled traffic allowed by default
[    2.756093] amd_nb: Cannot enumerate AMD northbridges
[    2.762108] clocksource: Switched to clocksource kvm-clock
[    2.770220] AppArmor: AppArmor Filesystem Enabled
[    2.814844] pnp: PnP ACPI init
[    2.815957] pnp: PnP ACPI: found 3 devices
[    2.836388] clocksource: acpi_pm: mask: 0xffffff max_cycles: 0xffffff, max_idle_ns: 2085701024 ns
[    2.874432] NET: Registered protocol family 2
[    2.887890] TCP established hash table entries: 8192 (order: 4, 65536 bytes)
[    2.961534] TCP bind hash table entries: 8192 (order: 5, 131072 bytes)
[    3.017639] TCP: Hash tables configured (established 8192 bind 8192)
[    3.041877] UDP hash table entries: 512 (order: 2, 16384 bytes)
[    3.081902] UDP-Lite hash table entries: 512 (order: 2, 16384 bytes)
[    3.086611] NET: Registered protocol family 1
[    3.087713] pci 0000:00:00.0: Limiting direct PCI/PCI transfers
[    3.097985] pci 0000:00:01.0: Activating ISA DMA hang workarounds
[    3.125501] Trying to unpack rootfs image as initramfs...
[    4.586946] Freeing initrd memory: 10540K (ffff880036b5a000 - ffff8800375a5000)
[    4.615103] RAPL PMU detected, API unit is 2^-32 Joules, 4 fixed counters 10737418240 ms ovfl timer
[    4.624861] hw unit of domain pp0-core 2^-0 Joules
[    4.627980] hw unit of domain package 2^-0 Joules
[    4.637706] hw unit of domain dram 2^-0 Joules
[    4.644735] hw unit of domain pp1-gpu 2^-0 Joules
[    4.646869] platform rtc_cmos: registered platform RTC device (no PNP device found)
[    4.655035] Scanning for low memory corruption every 60 seconds
[    4.721765] futex hash table entries: 512 (order: 3, 32768 bytes)
[    4.753124] audit: initializing netlink subsys (disabled)
[    4.754537] audit: type=2000 audit(1487510961.008:1): initialized
[    4.756276] Initialise system trusted keyring
[    4.757590] HugeTLB registered 2 MB page size, pre-allocated 0 pages
[    4.760539] zbud: loaded
[    4.767118] VFS: Disk quotas dquot_6.6.0
[    4.768377] VFS: Dquot-cache hash table entries: 512 (order 0, 4096 bytes)
[    4.770427] squashfs: version 4.0 (2009/01/31) Phillip Lougher
[    4.806888] fuse init (API version 7.23)
[    4.826687] Key type big_key registered
[    4.863920] Allocating IMA MOK and blacklist keyrings.
[    4.896977] Key type asymmetric registered
[    4.906370] Asymmetric key parser 'x509' registered
[    4.916237] Block layer SCSI generic (bsg) driver version 0.4 loaded (major 249)
[    4.922862] io scheduler noop registered
[    4.926426] io scheduler deadline registered (default)
[    4.930850] io scheduler cfq registered
[    4.937165] pci_hotplug: PCI Hot Plug PCI Core version: 0.5
[    4.941443] pciehp: PCI Express Hot Plug Controller Driver version: 0.4
[    4.943593] ACPI: AC Adapter [AC] (on-line)
[    4.961351] input: Power Button as /devices/LNXSYSTM:00/LNXPWRBN:00/input/input0
[    4.966814] ACPI: Power Button [PWRF]
[    4.970751] input: Sleep Button as /devices/LNXSYSTM:00/LNXSLPBN:00/input/input1
[    4.982414] ACPI: Sleep Button [SLPF]
[    4.986899] GHES: HEST is not enabled!
[    4.994884] Serial: 8250/16550 driver, 32 ports, IRQ sharing enabled
[    5.033359] 00:02: ttyS0 at I/O 0x3f8 (irq = 4, base_baud = 115200) is a 16550A
[    5.045650] Linux agpgart interface v0.103
[    5.069034] brd: module loaded
[    5.088854] loop: module loaded
[    5.117138] scsi host0: ata_piix
[    5.134580] scsi host1: ata_piix
[    5.181911] ata1: PATA max UDMA/33 cmd 0x1f0 ctl 0x3f6 bmdma 0xd000 irq 14
[    5.212578] ata2: PATA max UDMA/33 cmd 0x170 ctl 0x376 bmdma 0xd008 irq 15
[    5.312814] libphy: Fixed MDIO Bus: probed
[    5.331160] tun: Universal TUN/TAP device driver, 1.6
[    5.339242] tun: (C) 1999-2004 Max Krasnyansky <maxk@qualcomm.com>
[    5.353090] PPP generic driver version 2.4.2
[    5.376987] ehci_hcd: USB 2.0 'Enhanced' Host Controller (EHCI) Driver
[    5.378783] ehci-pci: EHCI PCI platform driver
[    5.379367] ehci-platform: EHCI generic platform driver
[    5.385282] ohci_hcd: USB 1.1 'Open' Host Controller (OHCI) Driver
[    5.397827] ohci-pci: OHCI PCI platform driver
[    5.406502] ohci-platform: OHCI generic platform driver
[    5.414472] uhci_hcd: USB Universal Host Controller Interface driver
[    5.451641] i8042: PNP: PS/2 Controller [PNP0303:PS2K,PNP0f03:PS2M] at 0x60,0x64 irq 1,12
[    5.459389] serio: i8042 KBD port at 0x60,0x64 irq 1
[    5.473247] serio: i8042 AUX port at 0x60,0x64 irq 12
[   55.497922] mousedev: PS/2 mouse device common for all mice
[    5.538319] input: AT Translated Set 2 keyboard as /devices/platform/i8042/serio0/input/input2
[    5.557499] rtc_cmos rtc_cmos: rtc core: registered rtc_cmos as rtc0
[    5.559636] rtc_cmos rtc_cmos: alarms up to one day, 114 bytes nvram
[    5.565130] i2c /dev entries driver
[    5.576324] device-mapper: uevent: version 1.0.3
[    5.608087] device-mapper: ioctl: 4.34.0-ioctl (2015-10-28) initialised: dm-devel@redhat.com
[    5.618566] ledtrig-cpu: registered to indicate activity on CPUs
[    5.647356] tsc: Refined TSC clocksource calibration: 3698.566 MHz
[    5.647359] clocksource: tsc: mask: 0xffffffffffffffff max_cycles: 0x6aa0187e126, max_idle_ns: 881590955092 ns
[    5.778666] NET: Registered protocol family 10
[    5.844231] NET: Registered protocol family 17
[    5.855282] Key type dns_resolver registered
[    5.856245] microcode: CPU0 sig=0x306c3, pf=0x40, revision=0x0
[    5.859275] microcode: CPU1 sig=0x306c3, pf=0x40, revision=0x0
[    5.860107] microcode: Microcode Update Driver: v2.01 <tigran@aivazian.fsnet.co.uk>, Peter Oruba
[    5.861320] registered taskstats version 1
[    5.863251] Loading compiled-in X.509 certificates
[    5.915661] Loaded X.509 cert 'Build time autogenerated kernel key: a630254739635d6fdc487c9f0afa5d9a0ff04f04'
[    5.938553] zswap: loaded using pool lzo/zbud
[    6.069948] Key type trusted registered
[    6.220081] Key type encrypted registered
[    6.302809] AppArmor: AppArmor sha1 policy hashing enabled
[    6.436264] ima: No TPM chip found, activating TPM-bypass!
[    6.437081] evm: HMAC attrs: 0x1
[    6.467141]   Magic number: 5:706:483
[    6.503743] rtc_cmos rtc_cmos: setting system clock to 2017-02-19 13:29:20 UTC (1487510960)
[    6.528851] BIOS EDD facility v0.16 2004-Jun-25, 0 devices found
[    6.542467] EDD information not available.
[    6.593266] Freeing unused kernel memory: 1488K (ffffffff81f44000 - ffffffff820b8000)
[    6.608723] Write protecting the kernel read-only data: 14336k
[    6.648579] Freeing unused kernel memory: 1792K (ffff880001840000 - ffff880001a00000)
[    7.007587] Freeing unused kernel memory: 136K (ffff880001dde000 - ffff880001e00000)
Loading, please wait...
[    7.185675] random: systemd-udevd: uninitialized urandom read (16 bytes read, 3 bits of entropy available)
starting version 229
[    7.186204] random: udevadm: uninitialized urandom read (16 bytes read, 3 bits of entropy available)
[    7.186232] random: udevadm: uninitialized urandom read (16 bytes read, 3 bits of entropy available)
[    7.186322] random: udevadm: uninitialized urandom read (16 bytes read, 3 bits of entropy available)
[    7.186356] random: udevadm: uninitialized urandom read (16 bytes read, 3 bits of entropy available)
[    7.186385] random: udevadm: uninitialized urandom read (16 bytes read, 3 bits of entropy available)
[    7.186416] random: udevadm: uninitialized urandom read (16 bytes read, 3 bits of entropy available)
[    7.186444] random: udevadm: uninitialized urandom read (16 bytes read, 3 bits of entropy available)
[    7.186472] random: udevadm: uninitialized urandom read (16 bytes read, 3 bits of entropy available)
[    7.186500] random: udevadm: uninitialized urandom read (16 bytes read, 3 bits of entropy available)
[    7.707998] e1000: Intel(R) PRO/1000 Network Driver - version 7.3.21-k8-NAPI
[    7.714090] e1000: Copyright (c) 1999-2006 Intel Corporation.
[    7.717108] Fusion MPT base driver 3.04.20
[    7.726422] Copyright (c) 1999-2008 LSI Corporation
[    7.752490] AVX version of gcm_enc/dec engaged.
[    7.758526] AES CTR mode by8 optimization enabled
[    7.768597] Fusion MPT SPI Host driver 3.04.20
[    7.970485] input: ImExPS/2 Generic Explorer Mouse as /devices/platform/i8042/serio1/input/input4
[    8.084765] e1000 0000:00:03.0 eth0: (PCI:33MHz:32-bit) 02:e4:5b:1a:6e:ce
[    8.090892] e1000 0000:00:03.0 eth0: Intel(R) PRO/1000 Network Connection
[    8.412799] e1000 0000:00:08.0 eth1: (PCI:33MHz:32-bit) 08:00:27:2d:ef:f2
[    8.522477] e1000 0000:00:08.0 eth1: Intel(R) PRO/1000 Network Connection
[    8.529086] e1000 0000:00:03.0 enp0s3: renamed from eth0
[    8.531692] mptbase: ioc0: Initiating bringup
[    8.774432] e1000 0000:00:08.0 enp0s8: renamed from eth1
[    8.918262] ioc0: LSI53C1030 A0: Capabilities={Initiator}
[    9.179407] scsi host2: ioc0: LSI53C1030 A0, FwRev=00000000h, Ports=1, MaxQ=256, IRQ=20
[    9.306400] scsi 2:0:0:0: Direct-Access     VBOX     HARDDISK         1.0  PQ: 0 ANSI: 5
[    9.318416] scsi target2:0:0: Beginning Domain Validation
[    9.319845] scsi target2:0:0: Domain Validation skipping write tests
[    9.324582] scsi target2:0:0: Ending Domain Validation
[    9.325297] scsi target2:0:0: asynchronous
[    9.326184] scsi 2:0:1:0: Direct-Access     VBOX     HARDDISK         1.0  PQ: 0 ANSI: 5
[    9.331540] scsi target2:0:1: Beginning Domain Validation
[    9.336091] scsi target2:0:1: Domain Validation skipping write tests
[    9.338130] scsi target2:0:1: Ending Domain Validation
[    9.338955] scsi target2:0:1: asynchronous
[    9.421668] sd 2:0:0:0: [sda] 20971520 512-byte logical blocks: (10.7 GB/10.0 GiB)
[    9.447523] sd 2:0:0:0: Attached scsi generic sg0 type 0
[    9.548842] sd 2:0:1:0: [sdb] 20480 512-byte logical blocks: (10.5 MB/10.0 MiB)
[    9.548958] sd 2:0:1:0: [sdb] Write Protect is off
[    9.549034] sd 2:0:1:0: [sdb] Incomplete mode parameter data
[    9.549035] sd 2:0:1:0: [sdb] Assuming drive cache: write through
[    9.549441] sd 2:0:1:0: Attached scsi generic sg1 type 0
[    9.551242] sd 2:0:1:0: [sdb] Attached SCSI disk
[    9.635853] sd 2:0:0:0: [sda] Write Protect is off
[    9.638050] sd 2:0:0:0: [sda] Incomplete mode parameter data
[    9.666121] sd 2:0:0:0: [sda] Assuming drive cache: write through
[    9.738774]  sda: sda1
[    9.748334] sd 2:0:0:0: [sda] Attached SCSI disk
[   10.802237] floppy0: no floppy controllers found
Begin: Loading e[   12.105757] md: linear personality registered for level -1
ssential drivers ... [   12.233327] md: multipath personality registered for level -4
[   12.313141] md: raid0 personality registered for level 0
[   12.321631] md: raid1 personality registered for level 1
[   12.402721] raid6: sse2x1   gen() 10877 MB/s
[   12.502530] raid6: sse2x1   xor()  8704 MB/s
[   12.694476] raid6: sse2x2   gen() 13687 MB/s
[   12.867310] raid6: sse2x2   xor()  9923 MB/s
[   13.020355] raid6: sse2x4   gen() 16203 MB/s
[   13.187348] raid6: sse2x4   xor() 12241 MB/s
[   13.208113] raid6: using algorithm sse2x4 gen() 16203 MB/s
[   13.277965] raid6: .... xor() 12241 MB/s, rmw enabled
[   13.293215] raid6: using ssse3x2 recovery algorithm
[   13.297096] xor: automatically using best checksumming function:
[   13.370138]    avx       : 23194.000 MB/sec
[   13.395289] async_tx: api initialized (async)
[   13.443266] md: raid6 personality registered for level 6
[   13.458010] md: raid5 personality registered for level 5
[   13.581036] md: raid4 personality registered for level 4
[   13.589205] md: raid10 personality registered for level 10
done.
Begin: Running /scripts/init-premount ... done.
Begin: Mounting root file system ... Begin: Running /scripts/local-top ... done.
Begin: Running /scripts/local-premount ... [   13.632291] Btrfs loaded
Scanning for Btrfs filesystems
done.
Warning: fsck no[   13.693456] EXT4-fs (sda1): mounted filesystem with ordered data mode. Opts: (null)
t present, so skipping root file system
done.
Begin: Running /scripts/local-bottom ... done.
Begin: Running /scripts/init-bottom ... done.
[   13.775326] systemd[1]: systemd 229 running in system mode. (+PAM +AUDIT +SELINUX +IMA +APPARMOR +SMACK +SYSVINIT +UTMP +LIBCRYPTSETUP +GCRYPT +GNUTLS +ACL +XZ -LZ4 +SECCOMP +BLKID +ELFUTILS +KMOD -IDN)
[   13.782555] systemd[1]: Detected virtualization oracle.
[   13.836026] systemd[1]: Detected architecture x86-64.

Welcome to [1mUbuntu 16.04.2 LTS[0m!

[   13.854698] systemd[1]: Set hostname to <ubuntu>.
[   13.862237] systemd[1]: Initializing machine ID from random generator.
[   13.868644] systemd[1]: Installed transient /etc/machine-id file.
[   14.002085] systemd[1]: Listening on LVM2 poll daemon socket.
[[0;32m  OK  [0m] Listening on LVM2 poll daemon socket.
[   14.038381] systemd[1]: Listening on /dev/initctl Compatibility Named Pipe.
[[0;32m  OK  [0m] Listening on /dev/initctl Compatibility Named Pipe.
[   14.070665] systemd[1]: Set up automount Arbitrary Executable File Formats File System Automount Point.
[[0;32m  OK  [0m] Set up automount Arbitrary Executab...ats File System Automount Point.
[   14.110702] systemd[1]: Listening on LVM2 metadata daemon socket.
[[0;32m  OK  [0m] Listening on LVM2 metadata daemon socket.
[   14.116110] systemd[1]: Created slice System Slice.
[[0;32m  OK  [0m] Created slice System Slice.
[   14.134334] systemd[1]: Reached target Encrypted Volumes.
[[0;32m  OK  [0m] Reached target Encrypted Volumes.
[   14.177929] systemd[1]: Created slice system-serial\x2dgetty.slice.
[[0;32m  OK  [0m] Created slice system-serial\x2dgetty.slice.
[   14.186853] systemd[1]: Listening on Journal Audit Socket.
[[0;32m  OK  [0m] Listening on Journal Audit Socket.
[   14.218421] systemd[1]: Listening on Device-mapper event daemon FIFOs.
[[0;32m  OK  [0m] Listening on Device-mapper event daemon FIFOs.
[   14.220340] systemd[1]: Listening on Journal Socket.
[[0;32m  OK  [0m] Listening on Journal Socket.
[   14.242377] systemd[1]: Starting Create list of required static device nodes for the current kernel...
         Starting Create list of required st... nodes for the current kernel...
[   14.310300] systemd[1]: Mounting POSIX Message Queue File System...
         Mounting POSIX Message Queue File System...
[   14.362933] systemd[1]: Starting Remount Root and Kernel File Systems...
         [   14.372479] EXT4-fs (sda1): re-mounted. Opts: (null)
Starting Remount Root and Kernel File Systems...
[   14.389951] systemd[1]: Starting Load Kernel Modules...
         [   14.396162] Loading iSCSI transport class v2.0-870.
Starting Load Kernel Modules...
[   14.409058] systemd[1]: Mounting Huge Pages File System...
         [   14.448073] iscsi: registered transport (tcp)
Mounting Huge Pages File System...
[   14.611565] iscsi: registered transport (iser)
[   14.634457] systemd[1]: Starting Monitoring of LVM2 mirrors, snapshots etc. using dmeventd or progress polling...
         Starting Monitoring of LVM2 mirrors... dmeventd or progress polling...
[   14.682318] systemd[1]: Listening on udev Kernel Socket.
[[0;32m  OK  [0m] Listening on udev Kernel Socket.
[   14.705871] systemd[1]: Starting Uncomplicated firewall...
         Starting Uncomplicated firewall...
[   14.790315] systemd[1]: Starting Nameserver information manager...
         Starting Nameserver information manager...
[   14.846385] systemd[1]: Started Forward Password Requests to Wall Directory Watch.
[[0;32m  OK  [0m] Started Forward Password Requests to Wall Directory Watch.
[   14.879120] systemd[1]: Created slice User and Session Slice.
[[0;32m  OK  [0m] Created slice User and Session Slice.
[   14.882756] systemd[1]: Reached target Slices.
[[0;32m  OK  [0m] Reached target Slices.
[   14.936986] systemd[1]: Listening on Journal Socket (/dev/log).
[[0;32m  OK  [0m] Listening on Journal Socket (/dev/log).
[   15.044298] systemd[1]: Listening on udev Control Socket.
[[0;32m  OK  [0m] Listening on udev Control Socket.
[   15.110272] systemd[1]: Starting Set console keymap...
         Starting Set console keymap...
[   15.127476] systemd[1]: Listening on Syslog Socket.
[[0;32m  OK  [0m] Listening on Syslog Socket.
[   15.139687] systemd[1]: Starting Journal Service...
         Starting Journal Service...
[   15.191052] systemd[1]: Reached target Swap.
[[0;32m  OK  [0m] Reached target Swap.
[   15.238333] systemd[1]: Mounting Debug File System...
         Mounting Debug File System...
[   15.294422] systemd[1]: Reached target User and Group Name Lookups.
[[0;32m  OK  [0m] Reached target User and Group Name Lookups.
[   15.415555] systemd[1]: Mounted POSIX Message Queue File System.
[[0;32m  OK  [0m[   15.504147] random: nonblocking pool is initialized
] Mounted POSIX Message Queue File System.
[   15.505668] systemd[1]: Mounted Debug File System.
[[0;32m  OK  [0m] Mounted Debug File System.
[   15.570371] systemd[1]: Mounted Huge Pages File System.
[[0;32m  OK  [0m] Mounted Huge Pages File System.
[   15.598530] systemd[1]: Started Journal Service.
[[0;32m  OK  [0m] Started Journal Service.
[[0;32m  OK  [0m] Started Create list of required sta...ce nodes for the current kernel.
[[0;32m  OK  [0m] Started Remount Root and Kernel File Systems.
[[0;32m  OK  [0m] Started Load Kernel Modules.
[[0;32m  OK  [0m] Started Uncomplicated firewall.
[[0;32m  OK  [0m] Started Set console keymap.
[[0;32m  OK  [0m] Started Nameserver information manager.
[[0;32m  OK  [0m] Started LVM2 metadata daemon.
         Mounting FUSE Control File System...
         Starting Apply Kernel Variables...
         Starting udev Coldplug all Devices...
         Starting Load/Save Random Seed...
         Starting Initial cloud-init job (pre-networking)...
         Starting Create Static Device Nodes in /dev...
         Starting Flush Journal to Persistent Storage...
[[0;32m  OK  [0m] Mounted FUSE Control File System.
[[0;32m  OK  [0m] Started Apply Kernel Variables.
[[0;32m  OK  [0m] Started Load/Save Random Seed.
[[0;32m  OK  [0m] Started Create Static Device Nodes in /dev.
[[0;32m  OK  [0m] Started udev Coldplug all Devices.
[[0;32m  OK  [0m] Started Flush Journal to Persistent Storage.
[[0;32m  OK  [0m] Started Monitoring of LVM2 mirrors,...ng dmeventd or progress polling.
         Starting udev Kernel Device Manager...
[[0;32m  OK  [0m] Started udev Kernel Device Manager.
[[0;32m  OK  [0m] Started Dispatch Password Requests to Console Directory Watch.
[[0;32m  OK  [0m] Reached target Local File Systems (Pre).
[[0;32m  OK  [0m] Reached target Local File Systems.
         Starting Commit a transient machine-id on disk...
         Starting Set console font and keymap...
         Starting Tell Plymouth To Write Out Runtime Data...
         Starting Create Volatile Files and Directories...
[   14.675414] cloud-init[480]: Cloud-init v. 0.7.8 running 'init-local' at Sun, 19 Feb 2017 13:29:30 +0000. Up 14.29 seconds.
         Starting LSB: AppArmor initialization...
[[0;32m  OK  [0m] Started Commit a transient machine-id on disk.
[[0;1;31mFAILED[0m] Failed to start Set console font and keymap.
See 'systemctl status console-setup.service' for details.
[[0;32m  OK  [0m] Started Tell Plymouth To Write Out Runtime Data.
[[0;32m  OK  [0m] Started Create Volatile Files and Directories.
[[0;32m  OK  [0m] Started Initial cloud-init job (pre-networking).
[[0;32m  OK  [0m] Found device /dev/ttyS0.
[[0;32m  OK  [0m] Listening on Load/Save RF Kill Switch Status /dev/rfkill Watch.
[[0;32m  OK  [0m] Reached target Network (Pre).
[[0;32m  OK  [0m] Reached target System Time Synchronized.
         Starting Update UTMP about System Boot/Shutdown...
[[0;32m  OK  [0m] Created slice system-getty.slice.
[[0;32m  OK  [0m] Started Update UTMP about System Boot/Shutdown.
[[0;32m  OK  [0m] Started LSB: AppArmor initialization.
         Starting Raise network interfaces...
[[0;32m  OK  [0m] Started Raise network interfaces.
[[0;32m  OK  [0m] Reached target Network.
         Starting Initial cloud-init job (metadata service crawler)...
[   18.165431] cloud-init[1019]: Cloud-init v. 0.7.8 running 'init' at Sun, 19 Feb 2017 13:29:33 +0000. Up 17.61 seconds.
[   18.244441] cloud-init[1019]: ci-info: ++++++++++++++++++++++++++++++++++++++Net device info++++++++++++++++++++++++++++++++++++++
[   18.244599] cloud-init[1019]: ci-info: +--------+-------+----------------------------+---------------+-------+-------------------+
[   18.244807] cloud-init[1019]: ci-info: | Device |   Up  |          Address           |      Mask     | Scope |     Hw-Address    |
[[0;32m  OK  [0m] Started Initial cloud-init job (metadata service crawler).
[   18.245320] cloud-init[1019]: ci-info: +--------+-------+----------------------------+---------------+-------+-------------------+
[   18.356089] cloud-init[1019]: ci-info: | enp0s8 | False |             .              |       .       |   .   | 08:00:27:2d:ef:f2 |
[   18.380299] cloud-init[1019]: ci-info: |   lo   |  True |         127.0.0.1          |   255.0.0.0   |   .   |         .         |
[   18.380485] cloud-init[1019]: ci-info: |   lo   |  True |          ::1/128           |       .       |  host |         .         |
[[0;32m  OK  [0m] Reached target Network is Online.
[   18.380588] cloud-init[1019]: ci-info: | enp0s3 |  True |         10.0.2.15          | 255.255.255.0 |   .   | 02:e4:5b:1a:6e:ce |
[   18.437246] cloud-init[1019]: ci-info: | enp0s3 |  True | fe80::e4:5bff:fe1a:6ece/64 |       .       |  link | 02:e4:5b:1a:6e:ce |
[   18.438577] cloud-init[1019]: ci-info: +--------+-------+----------------------------+---------------+-------+-------------------+
[   18.439850] cloud-init[1019]: ci-info: +++++++++++++++++++++++++++Route IPv4 info++++++++++++++++++++++++++++
[   18.449844] cloud-init[1019]: ci-info: +-------+-------------+----------+---------------+-----------+-------+
[   18.450057] cloud-init[1019]: ci-info: | Route | Destination | Gateway  |    Genmask    | Interface | Flags |
[   18.450265] cloud-init[1019]: ci-info: +-------+-------------+----------+---------------+-----------+-------+
[   18.450363] cloud-init[1019]: ci-info: |   0   |   0.0.0.0   | 10.0.2.2 |    0.0.0.0    |   enp0s3  |   UG  |
[   18.450463] cloud-init[1019]: ci-info: |   1   |   10.0.2.0  | 0.0.0.0  | 255.255.255.0 |   enp0s3  |   U   |
[   18.450568] cloud-init[1019]: ci-info: +-------+-------------+----------+---------------+-----------+-------+
[   18.450676] cloud-init[1019]: Generating public/private rsa key pair.
[   18.450784] cloud-init[1019]: Your identification has been saved in /etc/ssh/ssh_host_rsa_key.
[   18.450888] cloud-init[1019]: Your public key has been saved in /etc/ssh/ssh_host_rsa_key.pub.
[   18.450995] cloud-init[1019]: The key fingerprint is:
[   18.451106] cloud-init[1019]: SHA256:ixYbQCF0TPq84e3YgUtxmMZtsE71GmVOFv6jbRAl1rk root@ubuntu-xenial
[   18.451209] cloud-init[1019]: The key's randomart image is:
[   18.451314] cloud-init[1019]: +---[RSA 2048]----+
[   18.451421] cloud-init[1019]: | .oo=.  +...     |
[   18.451527] cloud-init[1019]: |   =.  o +o      |
[   18.451634] cloud-init[1019]: |  . o . B  .     |
[   18.451970] cloud-init[1019]: |   + O B oE      |
[   18.452178] cloud-init[1019]: |    % B S o      |
[   18.452276] cloud-init[1019]: |   = O B = .     |
[   18.452382] cloud-init[1019]: |    * B o o      |
[   18.452487] cloud-init[1019]: |   . * . .       |
[   18.452599] cloud-init[1019]: |    o o          |
[   18.452700] cloud-init[1019]: +----[SHA256]-----+
[   18.452807] cloud-init[1019]: Generating public/private dsa key pair.
[   18.452912] cloud-init[1019]: Your identification has been saved in /etc/ssh/ssh_host_dsa_key.
[   18.453021] cloud-init[1019]: Your public key has been saved in /etc/ssh/ssh_host_dsa_key.pub.
[   18.453125] cloud-init[1019]: The key fingerprint is:
[   18.453233] cloud-init[1019]: SHA256:JbDpxDH25KyY/fYb2WXB5D+qkFB5ZWMmRDnUNrcam28 root@ubuntu-xenial
[   18.453339] cloud-init[1019]: The key's randomart image is:
[   18.453449] cloud-init[1019]: +---[DSA 1024]----+
[   18.453552] cloud-init[1019]: |      = . +=o*.  |
[   18.453665] cloud-init[1019]: |     o @  .o*B.. |
[   18.453771] cloud-init[1019]: |      = =o..o * .|
[   18.453877] cloud-init[1019]: |     * ..o.  . + |
[   18.453984] cloud-init[1019]: |    o +.S     B..|
[   18.454090] cloud-init[1019]: |       .. .o *. .|
[   18.454197] cloud-init[1019]: |        ooo ...  |
[   18.454418] cloud-init[1019]: |       . ....  E |
[   18.454525] cloud-init[1019]: |          oo  .  |
[   18.454635] cloud-init[1019]: +----[SHA256]-----+
[   18.454839] cloud-init[1019]: Generating public/private ecdsa key pair.
[   18.454948] cloud-init[1019]: Your identification has been saved in /etc/ssh/ssh_host_ecdsa_key.
[   18.455053] cloud-init[1019]: Your public key has been saved in /etc/ssh/ssh_host_ecdsa_key.pub.
[   18.455159] cloud-init[1019]: The key fingerprint is:
[   18.455266] cloud-init[1019]: SHA256:xLrnTYv60S2Ppu7bw0M0afMlNaDAmoLdCKXmTfeikgw root@ubuntu-xenial
[   18.455373] cloud-init[1019]: The key's randomart image is:
[   18.455479] cloud-init[1019]: +---[ECDSA 256]---+
[   18.455587] cloud-init[1019]: |   ..  ..   ..   |
[   18.455693] cloud-init[1019]: |  ..   ... .  o  |
[   18.455797] cloud-init[1019]: |  o+.o.oo .. . . |
[   18.455910] cloud-init[1019]: | o.o+.++  * . .  |
[   18.456012] cloud-init[1019]: |E . ..o So + o   |
[   18.456234] cloud-init[1019]: | o . . o ....    |
[   18.456335] cloud-init[1019]: |  + . . oo+ .    |
[   18.456441] cloud-init[1019]: |   .   o *==     |
[   18.456547] cloud-init[1019]: |      .=O+=o.    |
[   18.456657] cloud-init[1019]: +----[SHA256]-----+
[   18.456761] cloud-init[1019]: Generating public/private ed25519 key pair.
[   18.457140] cloud-init[1019]: Your identification has been saved in /etc/ssh/ssh_host_ed25519_key.
[   18.457231] cloud-init[1019]: Your public key has been saved in /etc/ssh/ssh_host_ed25519_key.pub.
[   18.457336] cloud-init[1019]: The key fingerprint is:
         Starting iSCSI initiator daemon (iscsid)...
[[   18.457377] cloud-init[1019]: SHA256:iU6CwhFGHCMtqPbCCjjgLLJTweMyMqp0G94x7D0BxzA root@ubuntu-xenial
[   18.685878] cloud-init[1019]: The key's randomart image is:
[   18.686014] cloud-init[1019]: +--[ED25519 256]--+
[   18.686104] cloud-init[1019]: |=B.              |
[   18.686204] cloud-init[1019]: |=.+  E           |
[   18.686323] cloud-init[1019]: |.+    +          |
[   18.686417] cloud-init[1019]: |+.=. . + .       |
[   18.686520] cloud-init[1019]: |Oooo. = S        |
[   18.686621] cloud-init[1019]: |@*o..+ .         |
[   18.686719] cloud-init[1019]: |BO.o +. .        |
[   18.686822] cloud-init[1019]: |* o = +.         |
[   18.686922] cloud-init[1019]: |o. o o ..        |
[   18.687024] cloud-init[1019]: +----[SHA256]-----+
[0;32m  OK  [0m] Reached target System Initialization.
[[0;32m  OK  [0m] Started Daily apt activities.
[[0;32m  OK  [0m] Started Timer to automatically refresh installed snaps.
[[0;32m  OK  [0m] Listening on D-Bus System Message Bus Socket.
[[0;32m  OK  [0m] Started Trigger resolvconf update for networkd DNS.
         Starting Socket activation for snappy daemon.
[[0;32m  OK  [0m] Listening on UUID daemon activation socket.
         Starting LXD - unix socket.
[[0;32m  OK  [0m] Listening on ACPID Listen Socket.
[[0;32m  OK  [0m] Started Daily Cleanup of Temporary Directories.
[[0;32m  OK  [0m] Reached target Timers.
[[0;32m  OK  [0m] Started ACPI Events Check.
[[0;32m  OK  [0m] Reached target Paths.
[[0;32m  OK  [0m] Reached target Cloud-config availability.
[[0;32m  OK  [0m] Listening on Socket activation for snappy daemon.
[[0;32m  OK  [0m] Listening on LXD - unix socket.
[[0;32m  OK  [0m] Started iSCSI initiator daemon (iscsid).
         Starting Login to default iSCSI targets...
[[0;32m  OK  [0m] Reached target Sockets.
[[0;32m  OK  [0m] Reached target Basic System.
         Starting LSB: MD monitoring daemon...
         Starting LXD - container startup/shutdown...
         Starting Apply the settings specified in cloud-config...
         Starting Login Service...
         Starting System Logging Service...
         Starting LSB: Record successful boot for GRUB...
[[0;32m  OK  [0m] Started D-Bus System Message Bus.
         Starting /etc/rc.local Compatibility...
[[0;32m  OK  [0m] Started Regular background program processing daemon.
         Starting Pollinate to seed the pseudo random number generator...
         Starting Accounts Service...
[[0;32m  OK  [0m] Started ACPI event daemon.
[[0;32m  OK  [0m] Started FUSE filesystem for LXC.
[[0;32m  OK  [0m] Started Deferred execution scheduler.
[[0;32m  OK  [0m] Started Snappy daemon.
         Starting Auto import assertions from block devices...
[[0;32m  OK  [0m] Started System Logging Service.
[[0;32m  OK  [0m] Started LXD - container startup/shutdown.
[[0;32m  OK  [0m] Started /etc/rc.local Compatibility.
[   19.620275] cloud-init[1127]: Generating locales (this might take a while)...[[0;32m  OK  [0m] Started Auto import assertions from block devices.

[[0;32m  OK  [0m] Started Login to default iSCSI targets.
[[0;32m  OK  [0m] Started LSB: MD monitoring daemon.
[[0;32m  OK  [0m] Started LSB: Record successful boot for GRUB.
[[0;32m  OK  [0m] Started Login Service.
         Starting Authenticate and Authorize Users to Run Privileged Tasks...
[[0;32m  OK  [0m] Reached target Remote File Systems (Pre).
[[0;32m  OK  [0m] Reached target Remote File Systems.
         Starting LSB: automatic crash report generation...
         Starting Permit User Sessions...
         Starting LSB: daemon to balance interrupts for SMP systems...
         Starting LSB: Set the CPU Frequency Scaling governor to "ondemand"...
         Starting LSB: VirtualBox Linux Additions...
[[0;32m  OK  [0m] Started Pollinate to seed the pseudo random number generator.
[[0;32m  OK  [0m] Started Permit User Sessions.
[[0;32m  OK  [0m] Started Authenticate and Authorize Users to Run Privileged Tasks.
[[0;32m  OK  [0m] Started Accounts Service.
[[0;32m  OK  [0m] Started LSB: Set the CPU Frequency Scaling governor to "ondemand".
[[0;32m  OK  [0m] Started LSB: automatic crash report generation.
[[0;32m  OK  [0m] Started LSB: daemon to balance interrupts for SMP systems.
         Starting Hold until boot process finishes up...
         Starting Terminate Plymouth Boot Screen...
         Starting OpenBSD Secure Shell server...
[[0;32m  OK  [0m] Started OpenBSD Secure Shell server.
[[0;32m  OK  [0m] Started LSB: VirtualBox Linux Additions.
[[0;32m  OK  [0m] Started Hold until boot process finishes up.
[[0;32m  OK  [0m] Started Terminate Plymouth Boot Screen.
[   20.383420] cloud-init[1127]:   en_US.UTF-8... done
[   20.536319] [cloud-init[0;32m  OK  [0m[1127]: ] Generation complete.Started Serial Getty on ttyS0.

         Starting Set console scheme...
[[0;32m  OK  [0m] Started Getty on tty1.
[[0;32m  OK  [0m] Reached target Login Prompts.
[[0;32m  OK  [0m] Reached target Multi-User System.
[[0;32m  OK  [0m] Reached target Graphical Interface.
         Starting Update UTMP about System Runlevel Changes...
[[0;32m  OK  [0m] Started Set console scheme.
[[0;32m  OK  [0m] Started Update UTMP about System Runlevel Changes.
         Stopping OpenBSD Secure Shell server...
[[0;32m  OK  [0m] Stopped OpenBSD Secure Shell server.
         Starting OpenBSD Secure Shell server...
[[0;32m  OK  [0m] Started OpenBSD Secure Shell server.
[   20.907478] cloud-init[1127]: Cloud-init v. 0.7.8 running 'modules:config' at Sun, 19 Feb 2017 13:29:35 +0000. Up 19.48 seconds.
[[0;32m  OK  [0m] Started Apply the settings specified in cloud-config.
         Starting Execute cloud user/final scripts...
ci-info: no authorized ssh keys fingerprints found for user ubuntu.
<14>Feb 19 13:29:37 ec2: 
<14>Feb 19 13:29:37 ec2: #############################################################
<14>Feb 19 13:29:37 ec2: -----BEGIN SSH HOST KEY FINGERPRINTS-----
<14>Feb 19 13:29:37 ec2: 1024 SHA256:JbDpxDH25KyY/fYb2WXB5D+qkFB5ZWMmRDnUNrcam28 root@ubuntu-xenial (DSA)
<14>Feb 19 13:29:37 ec2: 256 SHA256:xLrnTYv60S2Ppu7bw0M0afMlNaDAmoLdCKXmTfeikgw root@ubuntu-xenial (ECDSA)
<14>Feb 19 13:29:37 ec2: 256 SHA256:iU6CwhFGHCMtqPbCCjjgLLJTweMyMqp0G94x7D0BxzA root@ubuntu-xenial (ED25519)
<14>Feb 19 13:29:37 ec2: 2048 SHA256:ixYbQCF0TPq84e3YgUtxmMZtsE71GmVOFv6jbRAl1rk root@ubuntu-xenial (RSA)
<14>Feb 19 13:29:37 ec2: -----END SSH HOST KEY FINGERPRINTS-----
<14>Feb 19 13:29:37 ec2: #############################################################
-----BEGIN SSH HOST KEY KEYS-----
ecdsa-sha2-nistp256 AAAAE2VjZHNhLXNoYTItbmlzdHAyNTYAAAAIbmlzdHAyNTYAAABBBEq9pz27c0dIXQ4YZdraZtndtwrOTYgxZ+f4UTiJA841fxC748SCKfNLxLNgq21+Y7oi+HcX6Uv1Mgu6tPPz18g= root@ubuntu-xenial
ssh-ed25519 AAAAC3NzaC1lZDI1NTE5AAAAIHU2T2zRJ86fj97yp9DgClILL8iddWYocO7fsKip0/8w root@ubuntu-xenial
ssh-rsa AAAAB3NzaC1yc2EAAAADAQABAAABAQDinyoEn4FTN1AvBK/hAIPHWclMEt5JnbzdvKLUuS5RrpYuTmwRftQ+KyP9D51xyQ5/AYbNi3teunM0gX4NsaGtZRQIcqxP4O7huRVOh8WzbP+OjEbx4F6Y/M9DsAbweY7w6lcvbgl32loYRVyZY+bM46IjDh/7nqYMuSo6CEEDvxaaJo4ktQBFZMJTo7KScDi/A5eBKb+3j0AWF86vcqjkoBIbea3a/87k1MNPx3YMk1IaFkEWkDKewyl1v5furjmXL0A+LX6Jb34Ma4cHNfnqi+OPJYbQOb9Qy84+N37TPzxZh0cojSIOfHiT9JP811QnxZjn6cD1jd5WtzszIQEX root@ubuntu-xenial
-----END SSH HOST KEY KEYS-----
[   21.863027] cloud-init[1381]: Cloud-init v. 0.7.8 running 'modules:final' at Sun, 19 Feb 2017 13:29:37 +0000. Up 21.30 seconds.
[[   21.960331] cloud-init[1381]: ci-info: no authorized ssh keys fingerprints found for user ubuntu.
[   21.960598] cloud-init[1381]: Cloud-init v. 0.7.8 finished at Sun, 19 Feb 2017 13:29:38 +0000. Datasource DataSourceNoCloud [seed=/dev/sdb][dsmode=net].  Up 21.85 seconds
[0;32m  OK  [0m] Started Execute cloud user/final scripts.
[[0;32m  OK  [0m] Reached target Cloud-init target.

Ubuntu 16.04.2 LTS ubuntu-xenial ttyS0

ubuntu-xenial login: 